********************************************************************************
Field Output Report, written Wed Apr 22 11:42:58 2026

Source 1
---------

   ODB: C:/Users/merrifield.12/OneDrive - The Ohio State University/classes/MECHENG 7751 Advanced Kinematics and Mechanics/project 2/FEA Model/Job-1.odb
   Step: Step-1
   Frame: Increment      7: Step Time =    1.000

Loc 1 : Nodal values from source 1

Output sorted by column "Node Label".

Field Output reported at nodes for part: PART-1-1

      Node Label            U.U1            U.U2             UR3
                          @Loc 1          @Loc 1          @Loc 1
-----------------------------------------------------------------
               1    -3.10691E-36     944.295E-39     5.96829E-33
               2     886.987E-06    -75.9456E-03    -29.0894E-03
               3    -2.29799E-03    -292.532E-03    -56.3404E-03
               4    -12.8861E-03    -640.698E-03    -81.8615E-03
               5    -33.5493E-03        -1.11186    -105.756E-03
               6    -66.3930E-03        -1.69789    -128.120E-03
               7    -113.038E-03        -2.39115    -149.047E-03
               8    -174.691E-03        -3.18444    -168.622E-03
               9    -252.211E-03        -4.07098    -186.927E-03
              10    -346.160E-03        -5.04443    -204.040E-03
              11    -456.853E-03        -6.09884    -220.031E-03
              12    -584.397E-03        -7.22862    -234.969E-03
              13    -728.730E-03        -8.42856    -248.917E-03
              14    -889.648E-03        -9.69376    -261.934E-03
              15        -1.06683        -11.0197    -274.077E-03
              16        -1.25987        -12.4020    -285.396E-03
              17        -1.46828        -13.8366    -295.941E-03
              18        -1.69151        -15.3200    -305.758E-03
              19        -1.92898        -16.8484    -314.887E-03
              20        -2.18007        -18.4187    -323.369E-03
              21        -2.44414        -20.0277    -331.241E-03
              22        -2.72052        -21.6725    -338.536E-03
              23        -3.00855        -23.3504    -345.286E-03
              24        -3.30755        -25.0588    -351.521E-03
              25        -3.61686        -26.7952    -357.266E-03
              26        -3.93579        -28.5575    -362.548E-03
              27        -4.26369        -30.3435    -367.390E-03
              28        -4.59989        -32.1510    -371.811E-03
              29        -4.94376        -33.9781    -375.832E-03
              30        -5.29464        -35.8231    -379.470E-03
              31        -5.65192        -37.6840    -382.741E-03
              32        -6.01496        -39.5594    -385.659E-03
              33        -6.38317        -41.4474    -388.236E-03
              34        -6.75594        -43.3466    -390.485E-03
              35        -7.13268        -45.2554    -392.414E-03
              36        -7.51281        -47.1724    -394.033E-03
              37        -7.89575        -49.0962    -395.347E-03
              38        -8.28093        -51.0253    -396.364E-03
              39        -8.66779        -52.9585    -397.087E-03
              40        -9.05577        -54.8943    -397.520E-03
              41        -9.44430        -56.8315    -397.664E-03
              42     716.502E-06    -19.8065E-03    -14.7815E-03
              43     29.0070E-06    -167.235E-03    -42.9378E-03
              44    -6.48471E-03    -450.714E-03    -69.3106E-03
              45    -21.8139E-03    -861.420E-03    -94.0058E-03
              46    -48.3363E-03        -1.39100    -117.123E-03
              47    -87.9052E-03        -2.03158    -138.758E-03
              48    -141.927E-03        -2.77572    -158.998E-03
              49    -211.426E-03        -3.61646    -177.928E-03
              50    -297.106E-03        -4.54722    -195.628E-03
              51    -399.402E-03        -5.56187    -212.171E-03
              52    -518.518E-03        -6.65464    -227.628E-03
              53    -654.474E-03        -7.82013    -242.063E-03
              54    -807.133E-03        -9.05330    -255.538E-03
              55    -976.230E-03        -10.3494    -268.112E-03
              56        -1.16140        -11.7040    -279.836E-03
              57        -1.36218        -13.1130    -290.763E-03
              58        -1.57807        -14.5724    -300.938E-03
              59        -1.80850        -16.0788    -310.406E-03
              60        -2.05286        -17.6285    -319.207E-03
              61        -2.31052        -19.2185    -327.379E-03
              62        -2.58083        -20.8458    -334.959E-03
              63        -2.86312        -22.5074    -341.977E-03
              64        -3.15672        -24.2009    -348.466E-03
              65        -3.46096        -25.9236    -354.453E-03
              66        -3.77516        -27.6733    -359.964E-03
              67        -4.09866        -29.4477    -365.023E-03
              68        -4.43079        -31.2446    -369.652E-03
              69        -4.77091        -33.0622    -373.871E-03
              70        -5.11836        -34.8985    -377.698E-03
              71        -5.47252        -36.7517    -381.150E-03
              72        -5.83276        -38.6200    -384.243E-03
              73        -6.19846        -40.5019    -386.989E-03
              74        -6.56902        -42.3957    -389.401E-03
              75        -6.94385        -44.2999    -391.489E-03
              76        -7.32236        -46.2130    -393.262E-03
              77        -7.70396        -48.1335    -394.728E-03
              78        -8.08810        -50.0602    -395.893E-03
              79        -8.47419        -51.9915    -396.762E-03
              80        -8.86168        -53.9262    -397.340E-03
              81        -9.25000        -55.8628    -397.628E-03


  Minimum               -9.44430        -56.8315    -397.664E-03
         At Node              41              41              41

  Maximum            886.987E-06     944.295E-39     5.96829E-33
         At Node               2               1               1

           Total        -263.603    -1.84101E+03        -23.3520


