Abaqus/Explicit Learning Edition 2025            DATE 28-Apr-2026  TIME 10:11:36
-------------------------------------------------------------------------------
 PREPROCESSOR WARNING MESSAGES
-------------------------------------------------------------------------------


***WARNING: There are 2 warning messages in the data (.dat) file.  Please
            check the data file for possible errors in the input file.


-------------------------------------------------------------------------------
 NUMERICAL PRECISION USED FOR THIS Abaqus/Explicit ANALYSIS
-------------------------------------------------------------------------------

Single precision package and explicit executables will be used in this analysis.

-------------------------------------------------------------------------------
-------------------------------------------------------------------------------
 MODEL INFORMATION (IN GLOBAL X-Y COORDINATES)
-------------------------------------------------------------------------------

   Total mass in model = 140.25
   Center of mass of model = ( 2.559326E+00, 2.098930E-01)

   Moments of Inertia :
                 About Center of Mass              About Origin
      I(XX)          4.178912E+00                  1.035764E+01
      I(YY)          4.509564E+02                  1.369615E+03
      I(XY)          3.652925E+01                 -3.881088E+01
      I(ZZ)          4.557619E+02                  1.380599E+03

-------------------------------------------------------------------------------
 STABLE TIME INCREMENT INFORMATION
-------------------------------------------------------------------------------


  The stable time increment estimate for each element is based on
  linearization about the initial state.


   Initial time increment = 9.02770E-05

   Statistics over 43 deformable elements:
      Mean = 9.65557E-05
      Standard deviation = 2.31970E-05

   Most critical elements:
    Element number   Rank    Time increment   Increment ratio
    (Instance name)
   ----------------------------------------------------------
          37          1       9.027700E-05      1.000000E+00
    COUPLER-1
           1          2       9.027735E-05      9.999962E-01
    COUPLER-1
           2          3       9.027735E-05      9.999962E-01
    COUPLER-1
           3          4       9.027735E-05      9.999962E-01
    COUPLER-1
           4          5       9.027735E-05      9.999962E-01
    COUPLER-1
           5          6       9.027735E-05      9.999962E-01
    COUPLER-1
           6          7       9.027735E-05      9.999962E-01
    COUPLER-1
           7          8       9.027735E-05      9.999962E-01
    COUPLER-1
           8          9       9.027735E-05      9.999962E-01
    COUPLER-1
           9         10       9.027735E-05      9.999962E-01
    COUPLER-1


  Instance name for the most critical element will be printed if the critical
  element changes or at the beginning of a new page.



Abaqus/Explicit Learning Edition 2025            DATE 28-Apr-2026  TIME 10:11:37
The entire model is considered 1 domain.
Only 1 MPI rank is used.

-------------------------------------------------------------------------------
 SOLUTION PROGRESS
-------------------------------------------------------------------------------

 STEP 1  ORIGIN 0.0000

  Total memory used for step 1 is approximately 0.9 megabytes.
  Global time estimation algorithm will be used.
  Scaling factor:  1.0000
              STEP     TOTAL      WALL        STABLE    CRITICAL    KINETIC      TOTAL
INCREMENT     TIME      TIME      TIME     INCREMENT     ELEMENT     ENERGY     ENERGY
        0  0.000E+00 0.000E+00  00:00:00 9.02770E-05          37  0.000E+00  0.000E+00
INSTANCE WITH CRITICAL ELEMENT: COUPLER-1
Output Field Frame Number     0, of     20, at step time 0.000E+00

***WARNING: THE ANALYSIS MAY NEED A LARGE NUMBER OF INCREMENTS (MORE THAN
            300000), AND IT MAY BE AFFECTED BY ROUND-OFF ERRORS. RUNNING THE
            DOUBLE PRECISION EXECUTABLE IS RECOMMENDED.

    33224  3.000E+00 3.000E+00  00:00:29 9.02770E-05          37  1.115E-02 -8.385E-07
INSTANCE WITH CRITICAL ELEMENT: COUPLER-1
Output Field Frame Number     1, of     20, at step time 3.000E+00
    66483  6.000E+00 6.000E+00  00:00:57 9.02770E-05          37  1.430E-01 -5.566E-06
INSTANCE WITH CRITICAL ELEMENT: COUPLER-1
Output Field Frame Number     2, of     20, at step time 6.000E+00
    99713  9.000E+00 9.000E+00  00:01:26 9.02771E-05          37  5.754E-01 -1.363E-04
INSTANCE WITH CRITICAL ELEMENT: COUPLER-1
Output Field Frame Number     3, of     20, at step time 9.000E+00
   132826  1.200E+01 1.200E+01  00:01:54 9.02769E-05          37  1.479E+00 -5.212E-04
INSTANCE WITH CRITICAL ELEMENT: COUPLER-1
Output Field Frame Number     4, of     20, at step time 1.200E+01
   165939  1.500E+01 1.500E+01  00:02:23 9.02733E-05          39  3.123E+00 -1.256E-03
INSTANCE WITH CRITICAL ELEMENT: COUPLER-1
Output Field Frame Number     5, of     20, at step time 1.500E+01
   199287  1.800E+01 1.800E+01  00:02:51 9.02197E-05          36  5.728E+00 -2.444E-03
INSTANCE WITH CRITICAL ELEMENT: COUPLER-1
Output Field Frame Number     6, of     20, at step time 1.800E+01
   232752  2.100E+01 2.100E+01  00:03:20 9.02206E-05          36  8.154E+00 -3.601E-03
INSTANCE WITH CRITICAL ELEMENT: COUPLER-1
Output Field Frame Number     7, of     20, at step time 2.100E+01
   266217  2.400E+01 2.400E+01  00:03:49 9.02255E-05          36  8.571E+00 -4.131E-03
INSTANCE WITH CRITICAL ELEMENT: COUPLER-1
Output Field Frame Number     8, of     20, at step time 2.400E+01
   299682  2.700E+01 2.700E+01  00:04:18 9.02285E-05          36  8.440E+00 -4.263E-03
INSTANCE WITH CRITICAL ELEMENT: COUPLER-1
Output Field Frame Number     9, of     20, at step time 2.700E+01

***WARNING: THE ANALYSIS REACHED A LARGE NUMBER OF INCREMENTS (300000), AND IT
            MAY BE AFFECTED BY ROUND-OFF ERRORS. RUNNING THE DOUBLE PRECISION
            EXECUTABLE IS RECOMMENDED.

   333147  3.000E+01 3.000E+01  00:04:48 9.02243E-05          36  8.487E+00 -4.377E-03
INSTANCE WITH CRITICAL ELEMENT: COUPLER-1
Output Field Frame Number    10, of     20, at step time 3.000E+01
   366380  3.300E+01 3.300E+01  00:05:16 9.02246E-05          36  8.399E+00 -4.792E-03
INSTANCE WITH CRITICAL ELEMENT: COUPLER-1
Output Field Frame Number    11, of     20, at step time 3.300E+01
   399148  3.600E+01 3.600E+01  00:05:44 9.02233E-05          36  8.139E+00 -4.707E-03
INSTANCE WITH CRITICAL ELEMENT: COUPLER-1
Output Field Frame Number    12, of     20, at step time 3.600E+01
   431916  3.900E+01 3.900E+01  00:06:12 9.02238E-05          36  7.475E+00 -4.664E-03
INSTANCE WITH CRITICAL ELEMENT: COUPLER-1
Output Field Frame Number    13, of     20, at step time 3.900E+01
   464684  4.200E+01 4.200E+01  00:06:42 9.02285E-05          36  5.715E+00 -3.983E-03
INSTANCE WITH CRITICAL ELEMENT: COUPLER-1
Output Field Frame Number    14, of     20, at step time 4.200E+01
   497452  4.500E+01 4.500E+01  00:07:07 9.02227E-05          39  3.390E+00 -2.973E-03
INSTANCE WITH CRITICAL ELEMENT: COUPLER-1
Output Field Frame Number    15, of     20, at step time 4.500E+01
   530220  4.800E+01 4.800E+01  00:07:33 9.01908E-05          39  1.617E+00 -2.254E-03
INSTANCE WITH CRITICAL ELEMENT: COUPLER-1
Output Field Frame Number    16, of     20, at step time 4.800E+01
   562988  5.100E+01 5.100E+01  00:07:59 9.01909E-05          39  6.069E-01 -1.846E-03
INSTANCE WITH CRITICAL ELEMENT: COUPLER-1
Output Field Frame Number    17, of     20, at step time 5.100E+01
   595756  5.400E+01 5.400E+01  00:08:25 9.01915E-05          39  1.460E-01 -1.667E-03
INSTANCE WITH CRITICAL ELEMENT: COUPLER-1
Output Field Frame Number    18, of     20, at step time 5.400E+01
   628524  5.700E+01 5.700E+01  00:08:51 9.01915E-05          39  1.121E-02 -1.614E-03
INSTANCE WITH CRITICAL ELEMENT: COUPLER-1
Output Field Frame Number    19, of     20, at step time 5.700E+01
   661293  6.000E+01 6.000E+01  00:09:16 9.01915E-05          39  1.947E-09 -1.610E-03
INSTANCE WITH CRITICAL ELEMENT: COUPLER-1
Restart Number  1 at 60.000
Output Field Frame Number    20, of     20, at step time 6.000E+01
  EXPLICIT EXECUTABLE TIME SUMMARY
       USER TIME (SEC)      =   51.400
       SYSTEM TIME (SEC)    =   171.40
       WALLCLOCK TIME (SEC) =          556
              INIT (SEC) =          0
              MAIN (SEC) =        556

  THE ANALYSIS HAS COMPLETED SUCCESSFULLY

