
                             RM3 PI: CRANK-1 N  U:U1 PI: COUPLER-  UR3 PI: CRANK-1 N
                  X                : 1_1            1 N: 41_1            : 1_1      

                0.                 0.                 0.                 0.         
                3.00001            1.97981            3.50914E-03        7.26905E-03
                6.00002            3.31438           20.0544E-03        53.7966E-03 
                9.00004            4.17533           16.9957E-03       167.122E-03  
               12.0001             5.04975         -133.946E-03        363.04E-03   
               15.0001             6.45796         -668.357E-03        648.346E-03  
               18.0001             6.85722           -1.82689            1.02363    
               21.0001             3.06572           -3.5238             1.47936    
               24.              -399.818E-03         -5.06482            1.99938    
               27.                67.9123E-03        -5.85339            2.56467    
               30.                14.2731E-03        -6.01585            3.15329    
               33.              -402.143E-03         -5.7427             3.73785    
               36.              -670.84E-03          -5.03893            4.29132    
               39.                -2.38641           -3.86047            4.80049    
               42.                -5.52725           -2.44291            5.24684    
               45.                -6.60455           -1.25216            5.61551    
               48.                -5.70624         -522.753E-03          5.89763    
               51.                -4.64669         -180.78E-03           6.09132    
               54.                -3.44431          -55.2356E-03         6.203      
               57.                -2.02513          -20.0568E-03         6.24878    
               60.               -33.6789E-03       -15.4327E-03         6.25594    




