********************************************************************************
Field Output Report, written Thu Apr 23 12:44:53 2026

Source 1
---------

   ODB: C:/Users/merrifield.12/OneDrive - The Ohio State University/classes/MECHENG 7751 Advanced Kinematics and Mechanics/project 2/FEA Model/Job-1.odb
   Step: Step-1
   Frame: Increment      7: Step Time =    1.000

Loc 1 : Nodal values from source 1

Output sorted by column "Node Label".

Field Output reported at nodes for part: PART-1-1

      Node Label            U.U1            U.U2             UR3
                          @Loc 1          @Loc 1          @Loc 1
-----------------------------------------------------------------
               1    -135.263E-42     54.8805E-42     567.551E-39
               2    -66.5548E-06     18.6425E-03     7.41633E-03
               3    -403.901E-06     73.9687E-03     14.6735E-03
               4    -1.26650E-03     165.174E-03     21.7692E-03
               5    -2.89126E-03     291.443E-03     28.7014E-03
               6    -5.49761E-03     451.945E-03     35.4680E-03
               7    -9.28764E-03     645.841E-03     42.0669E-03
               8    -14.4462E-03     872.280E-03     48.4961E-03
               9    -21.1413E-03         1.13040     54.7538E-03
              10    -29.5238E-03         1.41933     60.8381E-03
              11    -39.7282E-03         1.73819     66.7472E-03
              12    -51.8727E-03         2.08609     72.4793E-03
              13    -66.0592E-03         2.46212     78.0327E-03
              14    -82.3742E-03         2.86540     83.4059E-03
              15    -100.888E-03         3.29499     88.5972E-03
              16    -121.658E-03         3.74998     93.6051E-03
              17    -144.724E-03         4.22944     98.4283E-03
              18    -170.113E-03         4.73244     103.065E-03
              19    -197.838E-03         5.25804     107.515E-03
              20    -227.899E-03         5.80528     111.775E-03
              21    -260.282E-03         6.37323     115.846E-03
              22    -294.962E-03         6.96091     119.725E-03
              23    -331.901E-03         7.56738     123.412E-03
              24    -371.048E-03         8.19166     126.906E-03
              25    -412.345E-03         8.83279     130.205E-03
              26    -455.719E-03         9.48979     133.309E-03
              27    -501.090E-03         10.1617     136.217E-03
              28    -548.368E-03         10.8475     138.927E-03
              29    -597.454E-03         11.5463     141.441E-03
              30    -648.241E-03         12.2570     143.755E-03
              31    -700.615E-03         12.9786     145.871E-03
              32    -754.453E-03         13.7103     147.787E-03
              33    -809.627E-03         14.4509     149.502E-03
              34    -866.004E-03         15.1995     151.017E-03
              35    -923.444E-03         15.9551     152.331E-03
              36    -981.805E-03         16.7166     153.443E-03
              37        -1.04094         17.4832     154.354E-03
              38        -1.10069         18.2538     155.062E-03
              39        -1.16092         19.0274     155.568E-03
              40        -1.22146         19.8030     155.872E-03
              41        -1.28215         20.5796     155.973E-03
              42    -16.0046E-06     4.68602E-03     3.72792E-03
              43    -185.048E-06     41.7701E-03     11.0649E-03
              44    -754.313E-06     115.137E-03     18.2416E-03
              45    -1.96947E-03     223.977E-03     25.2559E-03
              46    -4.05868E-03     367.467E-03     32.1055E-03
              47    -7.23269E-03     544.772E-03     38.7885E-03
              48    -11.6850E-03     755.046E-03     45.3028E-03
              49    -17.5919E-03     997.434E-03     51.6466E-03
              50    -25.1128E-03         1.27107     57.8178E-03
              51    -34.3905E-03         1.57507     63.8147E-03
              52    -45.5512E-03         1.90856     69.6354E-03
              53    -58.7049E-03         2.27064     75.2784E-03
              54    -73.9459E-03         2.66041     80.7419E-03
              55    -91.3526E-03         3.07696     86.0243E-03
              56    -110.988E-03         3.51937     91.1242E-03
              57    -132.902E-03         3.98671     96.0399E-03
              58    -157.127E-03         4.47806     100.770E-03
              59    -183.683E-03         4.99247     105.313E-03
              60    -212.577E-03         5.52901     109.669E-03
              61    -243.802E-03         6.08673     113.834E-03
              62    -277.337E-03         6.66466     117.809E-03
              63    -313.152E-03         7.26186     121.593E-03
              64    -351.202E-03         7.87735     125.183E-03
              65    -391.432E-03         8.51018     128.580E-03
              66    -433.777E-03         9.15937     131.781E-03
              67    -478.160E-03         9.82394     134.787E-03
              68    -524.497E-03         10.5029     137.597E-03
              69    -572.692E-03         11.1953     140.209E-03
              70    -622.642E-03         11.9002     142.623E-03
              71    -674.237E-03         12.6165     144.838E-03
              72    -727.358E-03         13.3433     146.854E-03
              73    -781.881E-03         14.0795     148.669E-03
              74    -837.674E-03         14.8242     150.285E-03
              75    -894.600E-03         15.5764     151.699E-03
              76    -952.519E-03         16.3352     152.912E-03
              77        -1.01128         17.0994     153.924E-03
              78        -1.07075         17.8681     154.733E-03
              79        -1.13076         18.6403     155.340E-03
              80        -1.19116         19.4150     155.745E-03
              81        -1.25179         20.1912     155.948E-03


  Minimum               -1.28215     54.8805E-42     567.551E-39
         At Node              41               1               1

  Maximum           -135.263E-42         20.5796     155.973E-03
         At Node               1              41              41

           Total        -32.4537         624.967         8.33166


