********************************************************************************
Field Output Report, written Thu Apr 23 12:43:57 2026

Source 1
---------

   ODB: C:/Users/merrifield.12/OneDrive - The Ohio State University/classes/MECHENG 7751 Advanced Kinematics and Mechanics/project 2/FEA Model/Job-1.odb
   Step: Step-1
   Frame: Increment      7: Step Time =    1.000

Loc 1 : Nodal values from source 1

Output sorted by column "Node Label".

Field Output reported at nodes for part: PART-1-1

      Node Label            U.U1            U.U2             UR3
                          @Loc 1          @Loc 1          @Loc 1
-----------------------------------------------------------------
               1    -115.153E-42     24.8030E-42     84.2139E-39
               2    -40.0219E-06     16.2022E-03     6.44041E-03
               3    -283.812E-06     64.2124E-03     12.7234E-03
               4    -921.209E-06     143.240E-03     18.8485E-03
               5    -2.12731E-03     252.493E-03     24.8152E-03
               6    -4.06280E-03     391.173E-03     30.6231E-03
               7    -6.87426E-03     558.481E-03     36.2718E-03
               8    -10.6945E-03     753.616E-03     41.7609E-03
               9    -15.6429E-03     975.773E-03     47.0899E-03
              10    -21.8258E-03         1.22414     52.2586E-03
              11    -29.3367E-03         1.49792     57.2664E-03
              12    -38.2569E-03         1.79630     62.1132E-03
              13    -48.6554E-03         2.11846     66.7986E-03
              14    -60.5899E-03         2.46359     71.3222E-03
              15    -74.1065E-03         2.83088     75.6837E-03
              16    -89.2406E-03         3.21950     79.8829E-03
              17    -106.017E-03         3.62866     83.9195E-03
              18    -124.450E-03         4.05752     87.7933E-03
              19    -144.545E-03         4.50526     91.5039E-03
              20    -166.298E-03         4.97108     95.0512E-03
              21    -189.694E-03         5.45414     98.4349E-03
              22    -214.713E-03         5.95364     101.655E-03
              23    -241.323E-03         6.46874     104.711E-03
              24    -269.486E-03         6.99863     107.603E-03
              25    -299.158E-03         7.54249     110.330E-03
              26    -330.286E-03         8.09949     112.893E-03
              27    -362.810E-03         8.66882     115.291E-03
              28    -396.666E-03         9.24965     117.525E-03
              29    -431.783E-03         9.84117     119.593E-03
              30    -468.084E-03         10.4425     121.497E-03
              31    -505.488E-03         11.0529     123.235E-03
              32    -543.910E-03         11.6716     124.808E-03
              33    -583.259E-03         12.2976     126.216E-03
              34    -623.442E-03         12.9302     127.458E-03
              35    -664.361E-03         13.5685     128.535E-03
              36    -705.918E-03         14.2118     129.446E-03
              37    -748.009E-03         14.8592     130.192E-03
              38    -790.530E-03         15.5098     130.772E-03
              39    -833.375E-03         16.1630     131.186E-03
              40    -876.437E-03         16.8177     131.435E-03
              41    -919.608E-03         17.4733     131.518E-03
              42    -6.97573E-06     4.07585E-03     3.23985E-03
              43    -124.219E-06     36.2806E-03     9.60161E-03
              44    -542.012E-06     99.8987E-03     15.8057E-03
              45    -1.44278E-03     194.138E-03     21.8517E-03
              46    -2.99439E-03     318.204E-03     27.7390E-03
              47    -5.35041E-03     471.299E-03     33.4674E-03
              48    -8.65050E-03     652.621E-03     39.0363E-03
              49    -13.0207E-03     861.367E-03     44.4454E-03
              50    -18.5739E-03         1.09673     49.6943E-03
              51    -25.4099E-03         1.35791     54.7826E-03
              52    -33.6160E-03         1.64409     59.7100E-03
              53    -43.2675E-03         1.95446     64.4761E-03
              54    -54.4275E-03         2.28820     69.0806E-03
              55    -67.1480E-03         2.64451     73.5232E-03
              56    -81.4696E-03         3.02257     77.8036E-03
              57    -97.4224E-03         3.42157     81.9216E-03
              58    -115.026E-03         3.84067     85.8768E-03
              59    -134.290E-03         4.27908     89.6690E-03
              60    -155.215E-03         4.73596     93.2980E-03
              61    -177.792E-03         5.21051     96.7635E-03
              62    -202.003E-03         5.70189     100.065E-03
              63    -227.821E-03         6.20929     103.203E-03
              64    -255.213E-03         6.73189     106.177E-03
              65    -284.137E-03         7.26887     108.987E-03
              66    -314.543E-03         7.81940     111.632E-03
              67    -346.377E-03         8.38267     114.113E-03
              68    -379.576E-03         8.95785     116.429E-03
              69    -414.071E-03         9.54413     118.580E-03
              70    -449.790E-03         10.1407     120.566E-03
              71    -486.653E-03         10.7467     122.387E-03
              72    -524.577E-03         11.3613     124.042E-03
              73    -563.474E-03         11.9837     125.533E-03
              74    -603.252E-03         12.6131     126.858E-03
              75    -643.816E-03         13.2487     128.017E-03
              76    -685.066E-03         13.8896     129.011E-03
              77    -726.903E-03         14.5350     129.840E-03
              78    -769.222E-03         15.1841     130.503E-03
              79    -811.919E-03         15.8361     131.000E-03
              80    -854.886E-03         16.4902     131.331E-03
              81    -898.016E-03         17.1455     131.497E-03


  Minimum           -919.608E-03     24.8030E-42     84.2139E-39
         At Node              41               1               1

  Maximum           -115.153E-42         17.4733     131.518E-03
         At Node               1              41              41

           Total        -23.4194         532.668         7.06806


