********************************************************************************
Field Output Report, written Thu Apr 23 12:41:35 2026

Source 1
---------

   ODB: C:/Users/merrifield.12/OneDrive - The Ohio State University/classes/MECHENG 7751 Advanced Kinematics and Mechanics/project 2/FEA Model/Job-1.odb
   Step: Step-1
   Frame: Increment      7: Step Time =    1.000

Loc 1 : Nodal values from source 1

Output sorted by column "Node Label".

Field Output reported at nodes for part: PART-1-1

      Node Label            U.U1            U.U2             UR3
                          @Loc 1          @Loc 1          @Loc 1
-----------------------------------------------------------------
               1    -121.514E-42     33.6172E-42     218.995E-39
               2    -48.6838E-06     16.9642E-03     6.74516E-03
               3    -321.044E-06     67.2590E-03     13.3323E-03
               4    -1.02608E-03     150.090E-03     19.7605E-03
               5    -2.35720E-03     264.656E-03     26.0287E-03
               6    -4.49244E-03     410.150E-03     32.1359E-03
               7    -7.59477E-03     585.761E-03     38.0812E-03
               8    -11.8123E-03     790.670E-03     43.8638E-03
               9    -17.2788E-03         1.02406     49.4827E-03
              10    -24.1135E-03         1.28509     54.9370E-03
              11    -32.4221E-03         1.57295     60.2261E-03
              12    -42.2965E-03         1.88679     65.3491E-03
              13    -53.8156E-03         2.22577     70.3053E-03
              14    -67.0451E-03         2.58905     75.0939E-03
              15    -82.0385E-03         2.97579     79.7142E-03
              16    -98.8370E-03         3.38514     84.1656E-03
              17    -117.470E-03         3.81625     88.4474E-03
              18    -137.956E-03         4.26825     92.5591E-03
              19    -160.302E-03         4.74031     96.5000E-03
              20    -184.505E-03         5.23155     100.270E-03
              21    -210.550E-03         5.74111     103.867E-03
              22    -238.416E-03         6.26814     107.293E-03
              23    -268.068E-03         6.81177     110.545E-03
              24    -299.467E-03         7.37113     113.625E-03
              25    -332.561E-03         7.94536     116.530E-03
              26    -367.293E-03         8.53358     119.262E-03
              27    -403.598E-03         9.13493     121.819E-03
              28    -441.402E-03         9.74854     124.201E-03
              29    -480.628E-03         10.3735     126.408E-03
              30    -521.189E-03         11.0090     128.439E-03
              31    -562.995E-03         11.6542     130.295E-03
              32    -605.948E-03         12.3081     131.975E-03
              33    -649.949E-03         12.9699     133.478E-03
              34    -694.891E-03         13.6387     134.805E-03
              35    -740.665E-03         14.3137     135.956E-03
              36    -787.160E-03         14.9939     136.930E-03
              37    -834.258E-03         15.6785     137.727E-03
              38    -881.842E-03         16.3666     138.347E-03
              39    -929.793E-03         17.0573     138.790E-03
              40    -977.989E-03         17.7498     139.055E-03
              41        -1.02631         18.4432     139.144E-03
              42    -10.0473E-06     4.26639E-03     3.39226E-03
              43    -143.460E-06     37.9948E-03     10.0586E-03
              44    -607.015E-06     104.657E-03     16.5664E-03
              45    -1.60188E-03     203.456E-03     22.9147E-03
              46    -3.31376E-03     333.588E-03     29.1025E-03
              47    -5.91310E-03     494.242E-03     35.1289E-03
              48    -9.55545E-03     684.605E-03     40.9929E-03
              49    -14.3816E-03     903.856E-03     46.6937E-03
              50    -20.5182E-03         1.15117     52.2305E-03
              51    -28.0775E-03         1.42572     57.6023E-03
              52    -37.1584E-03         1.72667     62.8084E-03
              53    -47.8461E-03         2.05319     67.8481E-03
              54    -60.2129E-03         2.40442     72.7206E-03
              55    -74.3184E-03         2.77954     77.4251E-03
              56    -90.2100E-03         3.17769     81.9610E-03
              57    -107.923E-03         3.59803     86.3277E-03
              58    -127.481E-03         4.03969     90.5246E-03
              59    -148.897E-03         4.50183     94.5509E-03
              60    -172.172E-03         4.98358     98.4062E-03
              61    -197.298E-03         5.48409     102.090E-03
              62    -224.257E-03         6.00250     105.602E-03
              63    -253.021E-03         6.53793     108.941E-03
              64    -283.552E-03         7.08954     112.107E-03
              65    -315.805E-03         7.65644     115.099E-03
              66    -349.726E-03         8.23777     117.918E-03
              67    -385.253E-03         8.83267     120.562E-03
              68    -422.317E-03         9.44026     123.031E-03
              69    -460.843E-03         10.0597     125.326E-03
              70    -500.747E-03         10.6900     127.445E-03
              71    -541.942E-03         11.3305     129.389E-03
              72    -584.334E-03         11.9801     131.157E-03
              73    -627.824E-03         12.6381     132.749E-03
              74    -672.309E-03         13.3035     134.164E-03
              75    -717.681E-03         13.9755     135.403E-03
              76    -763.830E-03         14.6532     136.465E-03
              77    -810.640E-03         15.3357     137.350E-03
              78    -857.997E-03         16.0221     138.059E-03
              79    -905.779E-03         16.7117     138.590E-03
              80    -953.868E-03         17.4034     138.945E-03
              81        -1.00214         18.0964     139.122E-03


  Minimum               -1.02631     33.6172E-42     218.995E-39
         At Node              41               1               1

  Maximum           -121.514E-42         18.4432     139.144E-03
         At Node               1              41              41

           Total        -26.0822         561.486         7.46225


