
                             RM3 PI: CRANK-1 N  U:U1 PI: COUPLER-
                  X                 : 5              1 N: 41     

                0.                -0.                 0.         
              100.E-06            38.862E-12         49.9765E-06 
              200.E-06           168.458E-12         99.9058E-06 
              350.E-06           605.511E-12        174.712E-06  
              575.E-06             3.02667E-09      286.722E-06  
              912.5E-06           15.2824E-09       454.29E-06   
                1.41875E-03       77.0175E-09       704.636E-06  
                2.17813E-03      387.299E-09          1.07789E-03
                3.31719E-03        1.93979E-06        1.63268E-03
                5.02578E-03       -6.43992E-12        2.4534E-03 
                7.58867E-03     -283.154E-12          3.65867E-03
               11.433E-03         -6.24916E-09        5.40846E-03
               17.1995E-03      -120.401E-09          7.90224E-03
               25.8493E-03         5.90278E-12       11.3479E-03 
               35.8493E-03        -6.80199E-12       14.8892E-03 
               45.8493E-03         1.05495E-12       17.9553E-03 
               55.8493E-03        -3.09688E-12       20.5451E-03 
               65.8493E-03       763.82E-15          22.6575E-03 
               75.8493E-03         1.36821E-12       24.2918E-03 
               85.8493E-03      -941.84E-09          25.4471E-03 
               95.8493E-03      -489.358E-09         26.1226E-03 
              105.849E-03       -131.871E-09         26.3177E-03 
              115.849E-03        207.977E-09         26.0318E-03 
              125.849E-03        607.873E-09         25.2644E-03 
              135.849E-03          1.14534E-06       24.0152E-03 
              145.849E-03          2.16209E-12       22.2837E-03 
              155.849E-03          4.80269E-12       20.0698E-03 
              165.849E-03          1.18452E-12       17.3732E-03 
              175.849E-03          1.98221E-12       14.1939E-03 
              185.849E-03          5.84149E-12       10.5319E-03 
              195.849E-03         10.7395E-12         6.38719E-03
              205.849E-03          9.32949E-12        1.76003E-03
              215.849E-03          9.34744E-12       -3.34936E-03
              225.849E-03         14.6178E-12        -8.94066E-03
              235.849E-03         24.6711E-12       -15.0135E-03 
              245.849E-03         26.3452E-12       -21.5673E-03 
              255.849E-03         33.6355E-12       -28.6015E-03 
              265.849E-03         29.0165E-12       -36.1156E-03 
              275.849E-03         29.6059E-12       -44.1086E-03 
              285.849E-03         31.5037E-12       -52.5799E-03 
              295.849E-03         49.6439E-12       -61.5285E-03 
              305.849E-03         51.2895E-12       -70.9533E-03 
              315.849E-03         55.6915E-12       -80.8535E-03 
              325.849E-03         62.8091E-12       -91.2277E-03 
              335.849E-03         75.7925E-12      -102.075E-03  
              345.849E-03         74.872E-12       -113.393E-03  
              355.849E-03         81.9414E-12      -125.182E-03  
              365.849E-03         83.0388E-12      -137.439E-03  
              375.849E-03         80.8752E-12      -150.163E-03  
              385.849E-03         71.6421E-12      -163.353E-03  
              395.849E-03         93.3298E-12      -177.006E-03  
              405.849E-03        118.501E-12       -191.122E-03  
              415.849E-03        109.255E-12       -205.696E-03  
              425.849E-03        100.359E-12       -220.729E-03  
              435.849E-03         99.6909E-12      -236.218E-03  
              445.849E-03        109.024E-12       -252.16E-03   
              455.849E-03        104.168E-12       -268.554E-03  
              465.849E-03         96.7904E-12      -285.397E-03  
              475.849E-03        106.961E-12       -302.686E-03  
              485.849E-03        103.355E-12       -320.42E-03   
              495.849E-03         94.812E-12       -338.595E-03  
              505.849E-03         90.8872E-12      -357.208E-03  
              515.849E-03         86.5365E-12      -376.258E-03  
              525.849E-03         83.608E-12       -395.742E-03  
              535.849E-03         59.0696E-12      -415.655E-03  
              545.849E-03         89.2459E-12      -435.996E-03  
              555.849E-03         54.2102E-12      -456.761E-03  
              565.849E-03         48.2303E-12      -477.947E-03  
              575.849E-03         30.5781E-12      -499.551E-03  
              585.849E-03         60.6428E-12      -521.57E-03   
              595.849E-03         27.8951E-12      -543.999E-03  
              605.849E-03          9.22174E-12     -566.836E-03  
              615.849E-03         26.257E-12       -590.077E-03  
              625.849E-03        -11.2262E-12      -613.717E-03  
              635.849E-03        -14.9129E-12      -637.755E-03  
              645.849E-03        195.156E-15       -662.184E-03  
              655.849E-03        -14.3705E-12      -687.003E-03  
              665.849E-03        -39.7907E-12      -712.205E-03  
              675.849E-03         -2.00286E-12     -737.789E-03  
              685.849E-03        -20.4893E-12      -763.748E-03  
              695.849E-03        -36.4791E-12      -790.08E-03   
              705.849E-03        -17.3882E-12      -816.779E-03  
              715.849E-03        -21.3252E-12      -843.841E-03  
              725.849E-03        -38.7619E-12      -871.262E-03  
              735.849E-03        -35.7146E-12      -899.036E-03  
              745.849E-03        -61.5696E-12      -927.16E-03   
              755.849E-03        -63.0786E-12      -955.629E-03  
              765.849E-03        -21.559E-12       -984.437E-03  
              775.849E-03        -20.8622E-12        -1.01358    
              785.849E-03        -52.1128E-12        -1.04305    
              795.849E-03        -20.4485E-12        -1.07285    
              805.849E-03        -25.6829E-12        -1.10296    
              815.849E-03        -15.6461E-12        -1.1334     
              825.849E-03          6.66184E-12       -1.16413    
              835.849E-03         -4.52724E-12       -1.19518    
              845.849E-03        -38.0243E-12        -1.22652    
              855.849E-03          7.07211E-12       -1.25815    
              865.849E-03         18.1789E-12        -1.29007    
              875.849E-03         28.4209E-12        -1.32227    
              885.849E-03         32.5427E-12        -1.35474    
              895.849E-03          8.80184E-12       -1.38748    
              905.849E-03          1.79003E-12       -1.42049    
              915.849E-03          1.19276E-12       -1.45375    
              925.849E-03        -11.4467E-12        -1.48726    
              935.849E-03        -16.6842E-12        -1.52102    
              945.849E-03         32.9031E-12        -1.55502    
              955.849E-03          7.06428E-12       -1.58924    
              965.849E-03         10.0966E-12        -1.6237     
              975.849E-03         47.2681E-12        -1.65837    
              985.849E-03         28.7151E-12        -1.69325    
              995.849E-03        -12.0186E-12        -1.72834    
                1.                 1.50846E-06       -1.74296    
                1.                 1.50846E-06       -1.74296    
                1.0001           181.286E-12         -1.74332    
                1.0002           174.195E-12         -1.74367    
                1.00035          547.956E-12         -1.7442     
                1.00057            3.21524E-09       -1.74499    
                1.00091           16.2487E-09        -1.74618    
                1.00142           82.3398E-09        -1.74797    
                1.00218          417.551E-09         -1.75065    
                1.00332            2.11745E-06       -1.75468    
                1.00503           59.8635E-12        -1.76072    
                1.00759            1.60219E-09       -1.76979    
                1.01143           38.1004E-09        -1.78342    
                1.0172           874.262E-09         -1.80391    
                1.02585           14.8129E-12        -1.83477    
                1.03585          -50.0008E-12        -1.87062    
                1.04585            3.44646E-12       -1.90663    
                1.05585           32.8636E-12        -1.94281    
                1.06585            3.27115E-12       -1.97915    
                1.07585           20.0588E-12        -2.01564    
                1.08585           36.9574E-12        -2.05227    
                1.09585            8.73916E-06       -2.08903    
                1.10585            2.97295E-06       -2.12592    
                1.11585          216.432E-09         -2.16294    
                1.12585          597.045E-09         -2.20006    
                1.13585            4.23173E-06       -2.2373     
                1.14585           11.2261E-06        -2.27463    
                1.15585           32.8018E-12        -2.31205    
                1.16585         -134.77E-15          -2.34956    
                1.17585            9.56125E-12       -2.38714    
                1.18585           18.9548E-12        -2.42479    
                1.19585           31.7528E-12        -2.4625     
                1.20585           12.2493E-12        -2.50026    
                1.21585           22.5233E-12        -2.53806    
                1.22585           32.4126E-12        -2.57591    
                1.23585           21.2365E-12        -2.61378    
                1.24585           49.5832E-12        -2.65167    
                1.25585            4.37616E-12       -2.68958    
                1.26585           17.7749E-12        -2.7275     
                1.27585           57.8455E-12        -2.76541    
                1.28585           38.4357E-12        -2.80331    
                1.29585           26.8601E-12        -2.84119    
                1.30585           56.3344E-12        -2.87905    
                1.31585           25.828E-12         -2.91688    
                1.32585           11.4501E-12        -2.95466    
                1.33585           68.1962E-12        -2.9924     
                1.34585           39.3819E-12        -3.03008    
                1.35585           12.4142E-12        -3.06769    
                1.36585           31.7659E-12        -3.10524    
                1.37585           12.2475E-12        -3.1427     
                1.38585           28.4168E-12        -3.18008    
                1.39585           24.1863E-12        -3.21736    
                1.40585           15.9889E-12        -3.25454    
                1.41585           -5.64264E-12       -3.2916     
                1.42585          -26.3986E-12        -3.32856    
                1.43585          -47.0054E-12        -3.36538    
                1.44585          -38.899E-12         -3.40208    
                1.45585          -54.302E-12         -3.43864    
                1.46585         -114.087E-12         -3.47505    
                1.47585         -111.391E-12         -3.51131    
                1.48585         -168.649E-12         -3.54741    
                1.49585         -164.568E-12         -3.58334    
                1.50585         -210.781E-12         -3.6191     
                1.51585         -206.411E-12         -3.65467    
                1.52585         -266.403E-12         -3.69007    
                1.53585         -255.017E-12         -3.72527    
                1.54585         -295.891E-12         -3.76027    
                1.55585         -347.323E-12         -3.79506    
                1.56585         -395.806E-12         -3.82965    
                1.57585         -428.801E-12         -3.86401    
                1.58585         -441.676E-12         -3.89816    
                1.59585         -474.035E-12         -3.93207    
                1.60585         -513.688E-12         -3.96575    
                1.61585         -572.11E-12          -3.9992     
                1.62585         -575.34E-12          -4.03239    
                1.63585         -581.295E-12         -4.06534    
                1.64585         -639.039E-12         -4.09804    
                1.65585         -667.21E-12          -4.13047    
                1.66585         -735.621E-12         -4.16264    
                1.67585         -733.811E-12         -4.19455    
                1.68585         -727.411E-12         -4.22618    
                1.69585         -765.793E-12         -4.25754    
                1.70585         -770.883E-12         -4.28862    
                1.71585         -784.759E-12         -4.31941    
                1.72585         -794.565E-12         -4.34992    
                1.73585         -854.84E-12          -4.38013    
                1.74585         -817.481E-12         -4.41006    
                1.75585         -865.23E-12          -4.43968    
                1.76585         -842.457E-12         -4.46901    
                1.77585         -826.56E-12          -4.49804    
                1.78585         -824.671E-12         -4.52676    
                1.79585         -827.752E-12         -4.55517    
                1.80585         -841.025E-12         -4.58328    
                1.81585         -824.861E-12         -4.61108    
                1.82585         -801.948E-12         -4.63856    
                1.83585         -756.149E-12         -4.66574    
                1.84585         -739.665E-12         -4.69259    
                1.85585         -725.403E-12         -4.71913    
                1.86585         -708.849E-12         -4.74536    
                1.87585         -658.282E-12         -4.77126    
                1.88585         -631.61E-12          -4.79685    
                1.89585         -588.864E-12         -4.82212    
                1.90585         -589.541E-12         -4.84706    
                1.91585         -534.212E-12         -4.87169    
                1.92585         -482.317E-12         -4.896      
                1.93585         -440.346E-12         -4.91999    
                1.94585         -371.941E-12         -4.94365    
                1.95585         -329.144E-12         -4.967      
                1.96585         -277.127E-12         -4.99003    
                1.97585         -232.039E-12         -5.01274    
                1.98585         -216.336E-12         -5.03513    
                1.99585         -148.662E-12         -5.05721    
                2.                15.6391E-12        -5.06628    
                2.                15.6391E-12        -5.06628    
                2.0001           -66.3464E-12        -5.0665     
                2.0002          -354.546E-12         -5.06672    
                2.00035           -1.2911E-09        -5.06704    
                2.00058           -6.60985E-09       -5.06753    
                2.00091          -33.4314E-09        -5.06827    
                2.00142         -168.878E-09         -5.06937    
                2.00218         -855.566E-09         -5.07102    
                2.00332           -8.62829E-12       -5.07349    
                2.00503          271.08E-12          -5.07719    
                2.00759            7.16855E-09       -5.08272    
                2.01143          195.685E-09         -5.09098    
                2.0172             5.85151E-06       -5.10329    
                2.02585           11.0094E-12        -5.12155    
                2.03585          209.03E-12          -5.14237    
                2.04585           99.1924E-12        -5.16287    
                2.05585          133.411E-12         -5.18307    
                2.06585          183.756E-12         -5.20296    
                2.07585          241.169E-12         -5.22255    
                2.08585          305.95E-12          -5.24183    
                2.09585          330.272E-12         -5.2608     
                2.10585          375.268E-12         -5.27948    
                2.11585          425.67E-12          -5.29786    
                2.12585          419.161E-12         -5.31594    
                2.13585          461.81E-12          -5.33372    
                2.14585          482.3E-12           -5.35122    
                2.15585          543.671E-12         -5.36842    
                2.16585          528.055E-12         -5.38533    
                2.17585          613.173E-12         -5.40196    
                2.18585          586.569E-12         -5.41831    
                2.19585          667.806E-12         -5.43437    
                2.20585          665.192E-12         -5.45016    
                2.21585          672.371E-12         -5.46566    
                2.22585          679.849E-12         -5.4809     
                2.23585          678.104E-12         -5.49586    
                2.24585          738.804E-12         -5.51056    
                2.25585          753.655E-12         -5.52499    
                2.26585          719.941E-12         -5.53916    
                2.27585          752.806E-12         -5.55306    
                2.28585          734.871E-12         -5.56671    
                2.29585          759.582E-12         -5.5801     
                2.30585          720.704E-12         -5.59323    
                2.31585          741.973E-12         -5.60612    
                2.32585          764.988E-12         -5.61876    
                2.33585          771.697E-12         -5.63115    
                2.34585          749.896E-12         -5.6433     
                2.35585          755.207E-12         -5.65521    
                2.36585          748.034E-12         -5.66689    
                2.37585          699.355E-12         -5.67832    
                2.38585          704.015E-12         -5.68953    
                2.39585          668.337E-12         -5.7005     
                2.40585          672.047E-12         -5.71125    
                2.41585          678.108E-12         -5.72177    
                2.42585          641.836E-12         -5.73207    
                2.43585          629.219E-12         -5.74215    
                2.44585          627.828E-12         -5.75202    
                2.45585          599.446E-12         -5.76166    
                2.46585          577.714E-12         -5.7711     
                2.47585          589.427E-12         -5.78032    
                2.48585          551.493E-12         -5.78934    
                2.49585          548.824E-12         -5.79815    
                2.50585          497.172E-12         -5.80676    
                2.51585          477.765E-12         -5.81517    
                2.52585          463.487E-12         -5.82338    
                2.53585          463.9E-12           -5.83139    
                2.54585          427.439E-12         -5.83921    
                2.55585          426.346E-12         -5.84683    
                2.56585          387.992E-12         -5.85427    
                2.57585          376.484E-12         -5.86151    
                2.58585          351.784E-12         -5.86858    
                2.59585          327.658E-12         -5.87545    
                2.60585          341.211E-12         -5.88215    
                2.61585          316.165E-12         -5.88867    
                2.62585          269.663E-12         -5.895      
                2.63585          271.616E-12         -5.90117    
                2.64585          257.97E-12          -5.90716    
                2.65585          235.874E-12         -5.91297    
                2.66585          223.68E-12          -5.91862    
                2.67585          195.769E-12         -5.92409    
                2.68585          175.532E-12         -5.92941    
                2.69585          174.598E-12         -5.93455    
                2.70585          183.273E-12         -5.93953    
                2.71585          143.819E-12         -5.94435    
                2.72585          152.042E-12         -5.94901    
                2.73585          128.748E-12         -5.95351    
                2.74585          125.223E-12         -5.95786    
                2.75585           91.6109E-12        -5.96204    
                2.76585           91.2452E-12        -5.96608    
                2.77585           93.3498E-12        -5.96996    
                2.78585           89.7898E-12        -5.97369    
                2.79585           72.2177E-12        -5.97727    
                2.80585           66.5547E-12        -5.9807     
                2.81585           57.9643E-12        -5.98399    
                2.82585           57.3677E-12        -5.98712    
                2.83585           33.7532E-12        -5.99012    
                2.84585           37.4818E-12        -5.99297    
                2.85585           36.4743E-12        -5.99568    
                2.86585           27.4078E-12        -5.99824    
                2.87585           29.61E-12          -6.00067    
                2.88585           14.0324E-12        -6.00296    
                2.89585           16.782E-12         -6.00511    
                2.90585           17.8048E-12        -6.00713    
                2.91585           15.6607E-12        -6.009      
                2.92585            1.62205E-12       -6.01075    
                2.93585            3.87727E-12       -6.01236    
                2.94585            2.60575E-12       -6.01383    
                2.95585           -3.26124E-12       -6.01518    
                2.96585            2.98186E-12       -6.01639    
                2.97585            9.50773E-12       -6.01748    
                2.98585         -229.673E-15         -6.01843    
                2.99585            8.3218E-12        -6.01926    
                3.                 6.19685E-09       -6.01956    
                3.                 6.19685E-09       -6.01956    
                3.0001            -2.65087E-12       -6.01957    
                3.0002           -14.0503E-12        -6.01958    
                3.00035          -74.9055E-12        -6.01959    
                3.00058         -328.31E-12          -6.0196     
                3.00091           -1.72172E-09       -6.01963    
                3.00142           -8.64681E-09       -6.01966    
                3.00218          -43.5291E-09        -6.01971    
                3.00332            1.82842E-12       -6.01979    
                3.00503            9.4977E-12        -6.0199     
                3.00759         -228.4E-15           -6.02006    
                3.01143           96.4347E-12        -6.02029    
                3.0172             2.73767E-09       -6.02059    
                3.02585           85.8211E-09        -6.02097    
                3.03585          481.196E-09         -6.02129    
                3.04585          416.97E-09          -6.02148    
                3.05585          118.689E-09         -6.02155    
                3.06585         -174.909E-09         -6.02149    
                3.07585         -478.69E-09          -6.02131    
                3.08585         -807.366E-09         -6.02101    
                3.09585           -1.17554E-06       -6.02059    
                3.10585          898.925E-15         -6.02004    
                3.11585           -4.62432E-12       -6.01937    
                3.12585           -3.37982E-12       -6.01859    
                3.13585            1.57296E-12       -6.01768    
                3.14585           -5.34412E-12       -6.01665    
                3.15585           -2.26121E-12       -6.0155     
                3.16585           -6.04105E-12       -6.01423    
                3.17585           -5.72666E-12       -6.01284    
                3.18585           -6.42922E-12       -6.01134    
                3.19585           -9.0396E-12        -6.00971    
                3.20585          -13.1422E-12        -6.00797    
                3.21585          -16.4348E-12        -6.00611    
                3.22585          -15.1035E-12        -6.00413    
                3.23585          -20.512E-12         -6.00203    
                3.24585          -21.7516E-12        -5.99981    
                3.25585          -24.4845E-12        -5.99748    
                3.26585          -29.5189E-12        -5.99503    
                3.27585          -30.3422E-12        -5.99246    
                3.28585          -41.1372E-12        -5.98978    
                3.29585          -45.4664E-12        -5.98698    
                3.30585          -51.3359E-12        -5.98406    
                3.31585          -60.2414E-12        -5.98102    
                3.32585          -62.0587E-12        -5.97787    
                3.33585          -61.655E-12         -5.9746     
                3.34585          -79.5685E-12        -5.97121    
                3.35585          -83.466E-12         -5.9677     
                3.36585          -98.3695E-12        -5.96408    
                3.37585         -103.466E-12         -5.96034    
                3.38585         -108.52E-12          -5.95648    
                3.39585         -111.783E-12         -5.9525     
                3.40585         -127.142E-12         -5.94841    
                3.41585         -124.394E-12         -5.94419    
                3.42585         -138.327E-12         -5.93986    
                3.43585         -143.009E-12         -5.93541    
                3.44585         -151.393E-12         -5.93083    
                3.45585         -170.089E-12         -5.92614    
                3.46585         -186.005E-12         -5.92133    
                3.47585         -194.263E-12         -5.9164     
                3.48585         -221.975E-12         -5.91135    
                3.49585         -202.966E-12         -5.90617    
                3.50585         -227.056E-12         -5.90088    
                3.51585         -244.388E-12         -5.89546    
                3.52585         -262.618E-12         -5.88992    
                3.53585         -274.159E-12         -5.88426    
                3.54585         -275.019E-12         -5.87847    
                3.55585         -284.794E-12         -5.87256    
                3.56585         -303.275E-12         -5.86652    
                3.57585         -327.809E-12         -5.86036    
                3.58585         -344.045E-12         -5.85408    
                3.59585         -340.918E-12         -5.84767    
                3.60585         -344.292E-12         -5.84113    
                3.61585         -372.544E-12         -5.83446    
                3.62585         -387.537E-12         -5.82767    
                3.63585         -388.36E-12          -5.82074    
                3.64585         -395.394E-12         -5.81369    
                3.65585         -413.915E-12         -5.80651    
                3.66585         -404.96E-12          -5.79919    
                3.67585         -423.544E-12         -5.79175    
                3.68585         -416.425E-12         -5.78417    
                3.69585         -438.632E-12         -5.77646    
                3.70585         -430.839E-12         -5.76861    
                3.71585         -445.172E-12         -5.76063    
                3.72585         -468.35E-12          -5.75252    
                3.73585         -490.772E-12         -5.74426    
                3.74585         -457.43E-12          -5.73587    
                3.75585         -490.655E-12         -5.72734    
                3.76585         -504.497E-12         -5.71868    
                3.77585         -491.432E-12         -5.70987    
                3.78585         -519.398E-12         -5.70092    
                3.79585         -521.504E-12         -5.69183    
                3.80585         -484.419E-12         -5.68259    
                3.81585         -510.601E-12         -5.67321    
                3.82585         -485.814E-12         -5.66369    
                3.83585         -493.398E-12         -5.65402    
                3.84585         -465.425E-12         -5.6442     
                3.85585         -511.537E-12         -5.63423    
                3.86585         -476.037E-12         -5.62412    
                3.87585         -506.346E-12         -5.61385    
                3.88585         -481.941E-12         -5.60343    
                3.89585         -432.957E-12         -5.59286    
                3.90585         -421.965E-12         -5.58214    
                3.91585         -432.12E-12          -5.57126    
                3.92585         -440.506E-12         -5.56023    
                3.93585         -422.632E-12         -5.54903    
                3.94585         -400.42E-12          -5.53768    
                3.95585         -385.342E-12         -5.52617    
                3.96585         -379.707E-12         -5.5145     
                3.97585         -353.143E-12         -5.50267    
                3.98585         -335.875E-12         -5.49067    
                3.99585         -320.729E-12         -5.47851    
                4.               -33.298E-12         -5.47341    
                4.               -33.298E-12         -5.47341    
                4.0001            94.1477E-12        -5.47329    
                4.0002           379.427E-12         -5.47317    
                4.00035            1.18417E-09       -5.47298    
                4.00058            5.99652E-09       -5.4727     
                4.00091           30.3438E-09        -5.47229    
                4.00142          154.097E-09         -5.47166    
                4.00218          780.726E-09         -5.47073    
                4.00332          -35.1387E-12        -5.46932    
                4.00503         -122.104E-12         -5.4672     
                4.00759           -3.7923E-09        -5.46402    
                4.01143         -105.536E-09         -5.45922    
                4.0172            -3.2764E-06        -5.45199    
                4.02585          -22.0123E-12        -5.44102    
                4.03585         -249.059E-12         -5.42819    
                4.04585         -151.553E-12         -5.41519    
                4.05585         -174.437E-12         -5.40201    
                4.06585         -101.121E-12         -5.38866    
                4.07585         -118.808E-12         -5.37514    
                4.08585          -98.343E-12         -5.36144    
                4.09585          -42.7759E-12        -5.34756    
                4.10585           21.1874E-12        -5.3335     
                4.11585           85.197E-12         -5.31927    
                4.12585           52.8811E-12        -5.30485    
                4.13585          105.66E-12          -5.29025    
                4.14585          168.626E-12         -5.27546    
                4.15585          222.804E-12         -5.26049    
                4.16585          220.978E-12         -5.24534    
                4.17585          226.366E-12         -5.22999    
                4.18585          323.877E-12         -5.21446    
                4.19585          330.26E-12          -5.19874    
                4.20585          376.192E-12         -5.18282    
                4.21585          457.907E-12         -5.16672    
                4.22585          476.207E-12         -5.15041    
                4.23585          512.494E-12         -5.13392    
                4.24585          575.174E-12         -5.11722    
                4.25585          584.252E-12         -5.10033    
                4.26585          604.926E-12         -5.08324    
                4.27585          623.709E-12         -5.06595    
                4.28585          694.062E-12         -5.04845    
                4.29585          736.553E-12         -5.03076    
                4.30585          756.46E-12          -5.01286    
                4.31585          768.778E-12         -4.99475    
                4.32585          800.352E-12         -4.97645    
                4.33585          866.308E-12         -4.95793    
                4.34585          898.165E-12         -4.9392     
                4.35585          879.447E-12         -4.92027    
                4.36585          945.212E-12         -4.90113    
                4.37585          982.551E-12         -4.88177    
                4.38585            1.00101E-09       -4.86221    
                4.39585            1.07861E-09       -4.84243    
                4.40585            1.02409E-09       -4.82244    
                4.41585            1.06353E-09       -4.80223    
                4.42585            1.11066E-09       -4.78181    
                4.43585            1.09399E-09       -4.76117    
                4.44585            1.06761E-09       -4.74032    
                4.45585            1.14245E-09       -4.71925    
                4.46585            1.10727E-09       -4.69796    
                4.47585            1.11682E-09       -4.67646    
                4.48585            1.09416E-09       -4.65473    
                4.49585            1.18879E-09       -4.63279    
                4.50585            1.1072E-09        -4.61063    
                4.51585            1.14507E-09       -4.58825    
                4.52585            1.15143E-09       -4.56565    
                4.53585            1.14844E-09       -4.54283    
                4.54585            1.1584E-09        -4.51978    
                4.55585            1.11372E-09       -4.49652    
                4.56585            1.1032E-09        -4.47304    
                4.57585            1.07573E-09       -4.44934    
                4.58585            1.08721E-09       -4.42542    
                4.59585            1.04619E-09       -4.40128    
                4.60585            1.02968E-09       -4.37692    
                4.61585            1.02063E-09       -4.35235    
                4.62585          971.403E-12         -4.32755    
                4.63585          944.497E-12         -4.30254    
                4.64585          945.669E-12         -4.27731    
                4.65585          925.366E-12         -4.25186    
                4.66585          900.025E-12         -4.2262     
                4.67585          821.224E-12         -4.20032    
                4.68585          813.337E-12         -4.17423    
                4.69585          752.705E-12         -4.14793    
                4.70585          747.418E-12         -4.12141    
                4.71585          727.812E-12         -4.09469    
                4.72585          693.702E-12         -4.06775    
                4.73585          640.334E-12         -4.04061    
                4.74585          606.1E-12           -4.01326    
                4.75585          564.365E-12         -3.98571    
                4.76585          530.109E-12         -3.95795    
                4.77585          511.844E-12         -3.93       
                4.78585          465.716E-12         -3.90184    
                4.79585          439.743E-12         -3.87349    
                4.80585          401.251E-12         -3.84495    
                4.81585          346.525E-12         -3.81621    
                4.82585          316.182E-12         -3.78728    
                4.83585          296.932E-12         -3.75816    
                4.84585          260.049E-12         -3.72886    
                4.85585          231.178E-12         -3.69937    
                4.86585          182.896E-12         -3.66971    
                4.87585          210.523E-12         -3.63986    
                4.88585          176.742E-12         -3.60985    
                4.89585          142.877E-12         -3.57966    
                4.90585          120.893E-12         -3.5493     
                4.91585           86.0554E-12        -3.51878    
                4.92585           68.3818E-12        -3.48809    
                4.93585           37.4226E-12        -3.45725    
                4.94585           46.5679E-12        -3.42625    
                4.95585           41.1956E-12        -3.39511    
                4.96585           14.4505E-12        -3.36381    
                4.97585           -5.66108E-12       -3.33237    
                4.98585          -48.7869E-12        -3.30079    
                4.99585          -28.8478E-12        -3.26908    
                5.                -7.88936E-06       -3.25587    
                5.                -7.88936E-06       -3.25587    
                5.0001            29.8783E-12        -3.25547    
                5.0002            27.5336E-12        -3.25506    
                5.00035         -275.158E-12         -3.25445    
                5.00058         -649.999E-12         -3.25353    
                5.00091           -3.64444E-09       -3.25215    
                5.00142          -18.9276E-09        -3.25009    
                5.00218         -102.343E-09         -3.24699    
                5.00332          -72.1636E-12        -3.24234    
                5.00503           -2.27322E-09       -3.23537    
                5.00759          -59.2433E-09        -3.22489    
                5.01143           -1.57462E-06       -3.20915    
                5.0172             3.07469E-12       -3.18548    
                5.02585          -88.7071E-12        -3.14985    
                5.03585          -13.8972E-09        -3.10849    
                5.04585          -30.0322E-09        -3.06694    
                5.05585          -25.2953E-09        -3.02523    
                5.06585          -21.2911E-09        -2.98335    
                5.07585          -17.7821E-09        -2.94132    
                5.08585          -14.8981E-09        -2.89916    
                5.09585          -12.3505E-09        -2.85686    
                5.10585          -10.198E-09         -2.81444    
                5.11585           -8.36704E-09       -2.77192    
                5.12585           -6.80845E-09       -2.7293     
                5.13585           -5.53591E-09       -2.68659    
                5.14585           -4.43128E-09       -2.64381    
                5.15585           -3.45811E-09       -2.60096    
                5.16585           -2.71546E-09       -2.55806    
                5.17585           -2.04781E-09       -2.51513    
                5.18585           -1.51277E-09       -2.47216    
                5.19585           -1.10406E-09       -2.42918    
                5.20585         -751.604E-12         -2.3862     
                5.21585         -505.011E-12         -2.34323    
                5.22585         -300.413E-12         -2.30027    
                5.23585         -149.104E-12         -2.25735    
                5.24585          -66.4727E-12        -2.21448    
                5.25585          -29.9381E-12        -2.17166    
                5.26585         -610.283E-09         -2.12892    
                5.27585           -9.2225E-06        -2.08626    
                5.28585          -36.5504E-12        -2.0437     
                5.29585          -89.8344E-12        -2.00125    
                5.30585         -128.175E-12         -1.95892    
                5.31585         -188.674E-12         -1.91673    
                5.32585         -264.083E-12         -1.87468    
                5.33585         -351.939E-12         -1.8328     
                5.34585         -387.098E-12         -1.79109    
                5.35585         -456.03E-12          -1.74957    
                5.36585         -509.708E-12         -1.70824    
                5.37585         -522.051E-12         -1.66714    
                5.38585         -555.893E-12         -1.62625    
                5.39585         -553.542E-12         -1.5856     
                5.40585         -545.574E-12         -1.54521    
                5.41585         -520.202E-12         -1.50508    
                5.42585         -436.25E-12          -1.46522    
                5.43585         -408.113E-12         -1.42566    
                5.44585         -340.561E-12         -1.38639    
                5.45585         -210.651E-12         -1.34744    
                5.46585         -189.449E-12         -1.30882    
                5.47585          -26.3035E-12        -1.27053    
                5.48585           44.2166E-12        -1.2326     
                5.49585          205.346E-12         -1.19502    
                5.50585          319.305E-12         -1.15782    
                5.51585          432.915E-12         -1.12101    
                5.52585          518.042E-12         -1.0846     
                5.53585          640.283E-12         -1.04859    
                5.54585          717.895E-12         -1.01301    
                5.55585          775.389E-12       -977.858E-03  
                5.56585          794.382E-12       -943.151E-03  
                5.57585          806.942E-12       -908.899E-03  
                5.58585          791.402E-12       -875.113E-03  
                5.59585          749.112E-12       -841.804E-03  
                5.60585          678.509E-12       -808.982E-03  
                5.61585          585.524E-12       -776.658E-03  
                5.62585          490.036E-12       -744.843E-03  
                5.63585          310.973E-12       -713.546E-03  
                5.64585          116.197E-12       -682.778E-03  
                5.65585          -80.2397E-12      -652.549E-03  
                5.66585         -254.213E-12       -622.868E-03  
                5.67585         -532.094E-12       -593.745E-03  
                5.68585         -772.509E-12       -565.19E-03   
                5.69585           -1.05321E-09     -537.211E-03  
                5.70585           -1.35685E-09     -509.818E-03  
                5.71585           -1.59672E-09     -483.02E-03   
                5.72585           -1.8972E-09      -456.825E-03  
                5.73585           -2.14777E-09     -431.242E-03  
                5.74585           -2.41353E-09     -406.28E-03   
                5.75585           -2.60523E-09     -381.946E-03  
                5.76585           -2.84405E-09     -358.249E-03  
                5.77585           -2.98766E-09     -335.196E-03  
                5.78585           -3.13891E-09     -312.795E-03  
                5.79585           -3.26401E-09     -291.053E-03  
                5.80585           -3.31544E-09     -269.979E-03  
                5.81585           -3.36685E-09     -249.578E-03  
                5.82585           -3.36908E-09     -229.857E-03  
                5.83585           -3.35802E-09     -210.824E-03  
                5.84585           -3.26915E-09     -192.485E-03  
                5.85585           -3.17165E-09     -174.845E-03  
                5.86585           -3.05353E-09     -157.912E-03  
                5.87585           -2.86026E-09     -141.691E-03  
                5.88585           -2.69018E-09     -126.187E-03  
                5.89585           -2.49189E-09     -111.406E-03  
                5.90585           -2.293E-09        -97.3536E-03 
                5.91585           -2.06676E-09      -84.0345E-03 
                5.92585           -1.82343E-09      -71.4536E-03 
                5.93585           -1.60658E-09      -59.6155E-03 
                5.94585           -1.37158E-09      -48.5246E-03 
                5.95585           -1.16475E-09      -38.1852E-03 
                5.96585         -965.798E-12        -28.6012E-03 
                5.97585         -768.277E-12        -19.7765E-03 
                5.98585         -617.952E-12        -11.7146E-03 
                5.99585         -458.27E-12          -4.41899E-03
                6.                -1.60655E-06       -1.61653E-03




