
                             RM3 PI: CRANK-1 N  U:U1 PI: COUPLER-  UR3 PI: CRANK-1 N
                  X                 : 1              1 N: 41              : 1       

                0.                -0.                 0.                 0.         
              100.E-06          -163.8E-12           49.9765E-06       100.E-06     
              200.E-06           366.115E-12         99.9058E-06       200.E-06     
              350.E-06            -1.56532E-12      174.712E-06        350.E-06     
              575.E-06           171.365E-12        286.722E-06        575.E-06     
              912.5E-06          -90.0294E-12       454.29E-06         912.5E-06    
                1.41875E-03       -0.               704.636E-06          1.41875E-03
                2.17813E-03     -366.448E-12          1.07789E-03        2.17813E-03
                3.31719E-03     -183.224E-12          1.63268E-03        3.31719E-03
                5.02578E-03     -366.448E-12          2.4534E-03         5.02578E-03
                7.58867E-03     -366.448E-12          3.65867E-03        7.58867E-03
               11.433E-03       -361.135E-12          5.40846E-03       11.433E-03  
               17.1995E-03       382.825E-12          7.90224E-03       17.1995E-03 
               25.8493E-03         8.6171E-09        11.3479E-03        25.8493E-03 
               35.8493E-03        51.147E-09         14.8892E-03        35.8493E-03 
               45.8493E-03        71.4934E-09        17.9553E-03        45.8493E-03 
               55.8493E-03        71.498E-09         20.5451E-03        55.8493E-03 
               65.8493E-03        71.9621E-09        22.6575E-03        65.8493E-03 
               75.8493E-03        71.9666E-09        24.2918E-03        75.8493E-03 
               85.8493E-03        71.6964E-09        25.4471E-03        85.8493E-03 
               95.8493E-03        71.0596E-09        26.1226E-03        95.8493E-03 
              105.849E-03         71.6139E-09        26.3177E-03       105.849E-03  
              115.849E-03         71.2504E-09        26.0318E-03       115.849E-03  
              125.849E-03         71.2092E-09        25.2644E-03       125.849E-03  
              135.849E-03         71.5787E-09        24.0152E-03       135.849E-03  
              145.849E-03         71.7191E-09        22.2837E-03       145.849E-03  
              155.849E-03         71.5046E-09        20.0698E-03       155.849E-03  
              165.849E-03         71.3716E-09        17.3732E-03       165.849E-03  
              175.849E-03         72.5871E-09        14.1939E-03       175.849E-03  
              185.849E-03         71.9359E-09        10.5319E-03       185.849E-03  
              195.849E-03         71.8015E-09         6.38718E-03      195.849E-03  
              205.849E-03         71.2763E-09         1.76003E-03      205.849E-03  
              215.849E-03         71.5984E-09        -3.34936E-03      215.849E-03  
              225.849E-03         71.4167E-09        -8.94067E-03      225.849E-03  
              235.849E-03         71.4625E-09       -15.0135E-03       235.849E-03  
              245.849E-03         71.0976E-09       -21.5673E-03       245.849E-03  
              255.849E-03         71.3724E-09       -28.6015E-03       255.849E-03  
              265.849E-03         71.1892E-09       -36.1156E-03       265.849E-03  
              275.849E-03         71.006E-09        -44.1086E-03       275.849E-03  
              285.849E-03         71.9221E-09       -52.5799E-03       285.849E-03  
              295.849E-03         71.0961E-09       -61.5285E-03       295.849E-03  
              305.849E-03         71.0961E-09       -70.9534E-03       305.849E-03  
              315.849E-03         71.461E-09        -80.8535E-03       315.849E-03  
              325.849E-03         70.9098E-09       -91.2277E-03       325.849E-03  
              335.849E-03         71.2747E-09      -102.075E-03        335.849E-03  
              345.849E-03         71.4549E-09      -113.393E-03        345.849E-03  
              355.849E-03         72.0031E-09      -125.182E-03        355.849E-03  
              365.849E-03         71.2671E-09      -137.439E-03        365.849E-03  
              375.849E-03         70.8977E-09      -150.163E-03        375.849E-03  
              385.849E-03         71.6275E-09      -163.353E-03        385.849E-03  
              395.849E-03         71.6245E-09      -177.006E-03        395.849E-03  
              405.849E-03         71.8047E-09      -191.122E-03        405.849E-03  
              415.849E-03         71.4337E-09      -205.696E-03        415.849E-03  
              425.849E-03         71.9788E-09      -220.729E-03        425.849E-03  
              435.849E-03         71.4246E-09      -236.218E-03        435.849E-03  
              445.849E-03         70.6871E-09      -252.16E-03         445.849E-03  
              455.849E-03         72.8812E-09      -268.554E-03        455.849E-03  
              465.849E-03         71.4109E-09      -285.397E-03        465.849E-03  
              475.849E-03         72.1377E-09      -302.686E-03        475.849E-03  
              485.849E-03         72.1317E-09      -320.42E-03         485.849E-03  
              495.849E-03         71.3927E-09      -338.595E-03        495.849E-03  
              505.849E-03         71.7531E-09      -357.208E-03        505.849E-03  
              515.849E-03         71.747E-09       -376.258E-03        515.849E-03  
              525.849E-03         71.7409E-09      -395.742E-03        525.849E-03  
              535.849E-03         71.3669E-09      -415.655E-03        535.849E-03  
              545.849E-03         71.7273E-09      -435.996E-03        545.849E-03  
              555.849E-03         70.6203E-09      -456.761E-03        555.849E-03  
              565.849E-03         71.7121E-09      -477.948E-03        565.849E-03  
              575.849E-03         72.0709E-09      -499.551E-03        575.849E-03  
              585.849E-03         70.964E-09       -521.57E-03         585.849E-03  
              595.849E-03         70.9564E-09      -543.999E-03        595.849E-03  
              605.849E-03         71.6802E-09      -566.836E-03        605.849E-03  
              615.849E-03         72.0391E-09      -590.077E-03        615.849E-03  
              625.849E-03         71.2971E-09      -613.717E-03        625.849E-03  
              635.849E-03         70.9215E-09      -637.755E-03        635.849E-03  
              645.849E-03         70.181E-09       -662.184E-03        645.849E-03  
              655.849E-03         71.2713E-09      -687.003E-03        655.849E-03  
              665.849E-03         70.5293E-09      -712.205E-03        665.849E-03  
              675.849E-03         71.9859E-09      -737.789E-03        675.849E-03  
              685.849E-03         71.9753E-09      -763.748E-03        685.849E-03  
              695.849E-03         71.5998E-09      -790.08E-03         695.849E-03  
              705.849E-03         70.4913E-09      -816.779E-03        705.849E-03  
              715.849E-03         70.8486E-09      -843.841E-03        715.849E-03  
              725.849E-03         72.3038E-09      -871.262E-03        725.849E-03  
              735.849E-03         70.8289E-09      -899.036E-03        735.849E-03  
              745.849E-03         70.8183E-09      -927.16E-03         745.849E-03  
              755.849E-03         71.5421E-09      -955.629E-03        755.849E-03  
              765.849E-03         70.4321E-09      -984.437E-03        765.849E-03  
              775.849E-03         70.7895E-09        -1.01358          775.849E-03  
              785.849E-03         70.4124E-09        -1.04305          785.849E-03  
              795.849E-03         73.3349E-09        -1.07285          795.849E-03  
              805.849E-03         71.1255E-09        -1.10297          805.849E-03  
              815.849E-03         72.2158E-09        -1.1334           815.849E-03  
              825.849E-03         71.1058E-09        -1.16413          825.849E-03  
              835.849E-03         70.3638E-09        -1.19518          835.849E-03  
              845.849E-03         71.819E-09         -1.22652          845.849E-03  
              855.849E-03         70.3441E-09        -1.25815          855.849E-03  
              865.849E-03         71.7992E-09        -1.29007          865.849E-03  
              875.849E-03         71.0572E-09        -1.32227          875.849E-03  
              885.849E-03         72.8804E-09        -1.35474          885.849E-03  
              895.849E-03         69.5717E-09        -1.38748          895.849E-03  
              905.849E-03         69.9291E-09        -1.42049          905.849E-03  
              915.849E-03         71.3857E-09        -1.45375          915.849E-03  
              925.849E-03         72.8424E-09        -1.48726          925.849E-03  
              935.849E-03         71.0011E-09        -1.52102          935.849E-03  
              945.849E-03         70.9935E-09        -1.55502          945.849E-03  
              955.849E-03         70.6179E-09        -1.58924          955.849E-03  
              965.849E-03         70.9768E-09        -1.6237           965.849E-03  
              975.849E-03         72.067E-09         -1.65837          975.849E-03  
              985.849E-03         71.3265E-09        -1.69325          985.849E-03  
              995.849E-03         71.6854E-09        -1.72834          995.849E-03  
                1.              -800.32E-12          -1.74296            1.         
                1.              -800.32E-12          -1.74296            1.         
                1.0001            -1.85868E-09       -1.74332            1.0001     
                1.0002             1.09901E-09       -1.74367            1.0002     
                1.00035          364.882E-12         -1.7442             1.00035    
                1.00057          -11.7636E-12        -1.74499            1.00057    
                1.00091           -1.18876E-09       -1.74618            1.00091    
                1.00142          732.848E-12         -1.74797            1.00142    
                1.00218         -366.495E-12         -1.75065            1.00218    
                1.00332         -732.942E-12         -1.75468            1.00332    
                1.00503          366.4E-12           -1.76072            1.00503    
                1.00759           -1.09939E-09       -1.76979            1.00759    
                1.01143          371.713E-12         -1.78342            1.01143    
                1.0172             2.03027E-09       -1.80391            1.0172     
                1.02585            8.3807E-09        -1.83477            1.02585    
                1.03585           52.6392E-09        -1.87062            1.03585    
                1.04585           71.284E-09         -1.90663            1.04585    
                1.05585           70.9115E-09        -1.94281            1.05585    
                1.06585           70.539E-09         -1.97915            1.06585    
                1.07585           71.6322E-09        -2.01564            1.07585    
                1.08585           71.2597E-09        -2.05227            1.08585    
                1.09585           69.7894E-09        -2.08903            1.09585    
                1.10585           71.617E-09         -2.12592            1.10585    
                1.11585           73.0783E-09        -2.16294            1.11585    
                1.12585           69.4092E-09        -2.20006            1.12585    
                1.13585           70.8705E-09        -2.2373             1.13585    
                1.14585           72.6997E-09        -2.27463            1.14585    
                1.15585           71.9638E-09        -2.31205            1.15585    
                1.16585           71.5943E-09        -2.34956            1.16585    
                1.17585           70.8583E-09        -2.38714            1.17585    
                1.18585           70.1224E-09        -2.42479            1.18585    
                1.19585           69.7544E-09        -2.4625             1.19585    
                1.20585           71.9516E-09        -2.50026            1.20585    
                1.21585           70.4843E-09        -2.53806            1.21585    
                1.22585           70.4828E-09        -2.57591            1.22585    
                1.23585           70.4813E-09        -2.61378            1.23585    
                1.24585           70.8477E-09        -2.65168            1.24585    
                1.25585           70.4798E-09        -2.68958            1.25585    
                1.26585           70.8462E-09        -2.7275             1.26585    
                1.27585           70.8462E-09        -2.76541            1.27585    
                1.28585           70.4798E-09        -2.80331            1.28585    
                1.29585           70.8462E-09        -2.8412             1.29585    
                1.30585           70.1133E-09        -2.87905            1.30585    
                1.31585           70.8477E-09        -2.91688            1.31585    
                1.32585           71.2142E-09        -2.95466            1.32585    
                1.33585           71.2157E-09        -2.9924             1.33585    
                1.34585           70.8492E-09        -3.03008            1.34585    
                1.35585           70.8508E-09        -3.06769            1.35585    
                1.36585           70.8523E-09        -3.10524            1.36585    
                1.37585           71.5852E-09        -3.1427             1.37585    
                1.38585           70.8538E-09        -3.18008            1.38585    
                1.39585           71.2218E-09        -3.21736            1.39585    
                1.40585           70.8568E-09        -3.25454            1.40585    
                1.41585           70.4904E-09        -3.2916             1.41585    
                1.42585           70.4919E-09        -3.32856            1.42585    
                1.43585           70.4919E-09        -3.36538            1.43585    
                1.44585           70.8599E-09        -3.40208            1.44585    
                1.45585           71.5928E-09        -3.43864            1.45585    
                1.46585           70.8599E-09        -3.47505            1.46585    
                1.47585           71.5943E-09        -3.51131            1.47585    
                1.48585           70.8614E-09        -3.54741            1.48585    
                1.49585           70.4934E-09        -3.58334            1.49585    
                1.50585           70.8599E-09        -3.6191             1.50585    
                1.51585           71.0431E-09        -3.65468            1.51585    
                1.52585           70.6751E-09        -3.69007            1.52585    
                1.53585           71.4065E-09        -3.72527            1.53585    
                1.54585           70.3056E-09        -3.76027            1.54585    
                1.55585           71.2202E-09        -3.79506            1.55585    
                1.56585           70.8508E-09        -3.82965            1.56585    
                1.57585           71.3974E-09        -3.86401            1.57585    
                1.58585           70.663E-09         -3.89816            1.58585    
                1.59585           71.5745E-09        -3.93207            1.59585    
                1.60585           70.2889E-09        -3.96575            1.60585    
                1.61585           70.5607E-09        -3.9992             1.61585    
                1.62585           70.6478E-09        -4.03239            1.62585    
                1.63585           71.2845E-09        -4.06534            1.63585    
                1.64585           70.5471E-09        -4.09804            1.64585    
                1.65585           70.9991E-09        -4.13047            1.65585    
                1.66585           71.4526E-09        -4.16264            1.66585    
                1.67585           70.8968E-09        -4.19455            1.67585    
                1.68585           71.3045E-09        -4.22618            1.68585    
                1.69585           71.2985E-09        -4.25754            1.69585    
                1.70585           70.8801E-09        -4.28862            1.70585    
                1.71585           71.0329E-09        -4.31941            1.71585    
                1.72585           71.1986E-09        -4.34992            1.72585    
                1.73585           70.8461E-09        -4.38013            1.73585    
                1.74585           70.3547E-09        -4.41006            1.74585    
                1.75585           71.3964E-09        -4.43968            1.75585    
                1.76585           71.3903E-09        -4.46901            1.76585    
                1.77585           69.6421E-09        -4.49804            1.77585    
                1.78585           70.1857E-09        -4.52676            1.78585    
                1.79585           70.0407E-09        -4.55517            1.79585    
                1.80585           70.9966E-09        -4.58328            1.80585    
                1.81585           71.6318E-09        -4.61108            1.81585    
                1.82585           70.618E-09         -4.63856            1.82585    
                1.83585           70.3356E-09        -4.66574            1.83585    
                1.84585           70.4211E-09        -4.69259            1.84585    
                1.85585           70.8746E-09        -4.71913            1.85585    
                1.86585           70.8685E-09        -4.74536            1.86585    
                1.87585           70.496E-09         -4.77126            1.87585    
                1.88585           71.0411E-09        -4.79685            1.88585    
                1.89585           71.403E-09         -4.82212            1.89585    
                1.90585           71.7649E-09        -4.84706            1.90585    
                1.91585           70.8442E-09        -4.87169            1.91585    
                1.92585           70.4733E-09        -4.896              1.92585    
                1.93585           70.1038E-09        -4.91999            1.93585    
                1.94585           70.2824E-09        -4.94365            1.94585    
                1.95585           70.4626E-09        -4.967              1.95585    
                1.96585           71.0108E-09        -4.99003            1.96585    
                1.97585           69.5419E-09        -5.01274            1.97585    
                1.98585           69.9069E-09        -5.03513            1.98585    
                1.99585           71.1879E-09        -5.05721            1.99585    
                2.               479.922E-12         -5.06628            2.         
                2.               479.922E-12         -5.06628            2.         
                2.0001           375.946E-12         -5.0665             2.0001     
                2.0002          -733.227E-12         -5.06672            2.0002     
                2.00035          364.906E-12         -5.06704            2.00035    
                2.00058         -378.187E-12         -5.06753            2.00058    
                2.00091          643.648E-12         -5.06827            2.00091    
                2.00142          366.471E-12         -5.06937            2.00142    
                2.00218         -366.424E-12         -5.07102            2.00218    
                2.00332         -732.871E-12         -5.07349            2.00332    
                2.00503            1.09937E-09       -5.07719            2.00503    
                2.00759          366.471E-12         -5.08272            2.00759    
                2.01143         -727.938E-12         -5.09098            2.01143    
                2.0172           929.864E-12         -5.10329            2.0172     
                2.02585            7.97524E-09       -5.12155            2.02585    
                2.03585           52.0592E-09        -5.14237            2.03585    
                2.04585           69.5348E-09        -5.16287            2.04585    
                2.05585           70.2677E-09        -5.18307            2.05585    
                2.06585           71.735E-09         -5.20296            2.06585    
                2.07585           69.5363E-09        -5.22255            2.07585    
                2.08585           70.2707E-09        -5.24183            2.08585    
                2.09585           68.8065E-09        -5.2608             2.09585    
                2.10585           71.0082E-09        -5.27948            2.10585    
                2.11585           70.2768E-09        -5.29786            2.11585    
                2.12585           70.6463E-09        -5.31594            2.12585    
                2.13585           71.3822E-09        -5.33372            2.13585    
                2.14585           69.553E-09         -5.35122            2.14585    
                2.15585           70.2889E-09        -5.36842            2.15585    
                2.16585           71.0264E-09        -5.38533            2.16585    
                2.17585           71.0294E-09        -5.40196            2.17585    
                2.18585           71.034E-09         -5.41831            2.18585    
                2.19585           69.9392E-09        -5.43437            2.19585    
                2.20585           69.9438E-09        -5.45016            2.20585    
                2.21585           70.3163E-09        -5.46567            2.21585    
                2.22585           72.886E-09         -5.4809             2.22585    
                2.23585           70.6934E-09        -5.49586            2.23585    
                2.24585           71.4323E-09        -5.51056            2.24585    
                2.25585           70.339E-09         -5.52499            2.25585    
                2.26585           71.078E-09         -5.53916            2.26585    
                2.27585           71.0841E-09        -5.55306            2.27585    
                2.28585           70.3588E-09        -5.56671            2.28585    
                2.29585           71.0977E-09        -5.5801             2.29585    
                2.30585           71.4718E-09        -5.59323            2.30585    
                2.31585           71.4794E-09        -5.60612            2.31585    
                2.32585           70.0212E-09        -5.61876            2.32585    
                2.33585           69.6623E-09        -5.63115            2.33585    
                2.34585           70.7708E-09        -5.6433             2.34585    
                2.35585           71.8777E-09        -5.65521            2.35585    
                2.36585           70.7875E-09        -5.66689            2.36585    
                2.37585           70.4286E-09        -5.67832            2.37585    
                2.38585           70.4377E-09        -5.68953            2.38585    
                2.39585           70.4468E-09        -5.7005             2.39585    
                2.40585           70.8224E-09        -5.71125            2.40585    
                2.41585           71.1979E-09        -5.72177            2.41585    
                2.42585           70.4757E-09        -5.73207            2.42585    
                2.43585           71.9506E-09        -5.74215            2.43585    
                2.44585           70.4954E-09        -5.75202            2.44585    
                2.45585           70.1381E-09        -5.76166            2.45585    
                2.46585           69.4158E-09        -5.7711             2.46585    
                2.47585           71.2586E-09        -5.78032            2.47585    
                2.48585           70.1684E-09        -5.78934            2.48585    
                2.49585           70.5455E-09        -5.79815            2.49585    
                2.50585           70.9225E-09        -5.80676            2.50585    
                2.51585           70.9332E-09        -5.81517            2.51585    
                2.52585           71.3102E-09        -5.82338            2.52585    
                2.53585           70.5895E-09        -5.83139            2.53585    
                2.54585           72.0659E-09        -5.83921            2.54585    
                2.55585           70.9772E-09        -5.84683            2.55585    
                2.56585           71.3543E-09        -5.85427            2.56585    
                2.57585           71.7329E-09        -5.86151            2.57585    
                2.58585           71.7435E-09        -5.86858            2.58585    
                2.59585           70.2898E-09        -5.87545            2.59585    
                2.60585           71.3998E-09        -5.88215            2.60585    
                2.61585           70.6775E-09        -5.88867            2.61585    
                2.62585           69.9568E-09        -5.895              2.62585    
                2.63585           70.3339E-09        -5.90117            2.63585    
                2.64585           70.7124E-09        -5.90716            2.64585    
                2.65585           71.0895E-09        -5.91297            2.65585    
                2.66585           71.833E-09         -5.91862            2.66585    
                2.67585           71.8452E-09        -5.9241             2.67585    
                2.68585           72.2222E-09        -5.92941            2.68585    
                2.69585           72.2329E-09        -5.93455            2.69585    
                2.70585           70.4128E-09        -5.93953            2.70585    
                2.71585           69.6905E-09        -5.94435            2.71585    
                2.72585           70.0676E-09        -5.94901            2.72585    
                2.73585           70.4447E-09        -5.95351            2.73585    
                2.74585           70.8217E-09        -5.95786            2.74585    
                2.75585           73.3975E-09        -5.96204            2.75585    
                2.76585           71.2094E-09        -5.96608            2.76585    
                2.77585           71.2201E-09        -5.96996            2.77585    
                2.78585           70.8627E-09        -5.97369            2.78585    
                2.79585           70.8733E-09        -5.97727            2.79585    
                2.80585           70.8825E-09        -5.9807             2.80585    
                2.81585           70.1602E-09        -5.98399            2.81585    
                2.82585           70.9022E-09        -5.98712            2.82585    
                2.83585           69.079E-09         -5.99012            2.83585    
                2.84585           70.9219E-09        -5.99297            2.84585    
                2.85585           72.0304E-09        -5.99568            2.85585    
                2.86585           70.9386E-09        -5.99824            2.86585    
                2.87585           69.4819E-09        -6.00067            2.87585    
                2.88585           72.0562E-09        -6.00296            2.88585    
                2.89585           72.7967E-09        -6.00511            2.89585    
                2.90585           70.6071E-09        -6.00713            2.90585    
                2.91585           72.0805E-09        -6.009              2.91585    
                2.92585           72.8209E-09        -6.01075            2.92585    
                2.93585           69.8969E-09        -6.01236            2.93585    
                2.94585           71.3703E-09        -6.01383            2.94585    
                2.95585           70.6435E-09        -6.01518            2.95585    
                2.96585           70.6511E-09        -6.01639            2.96585    
                2.97585           71.3901E-09        -6.01748            2.97585    
                2.98585           70.6632E-09        -6.01843            2.98585    
                2.99585           71.4022E-09        -6.01926            2.99585    
                3.               667.392E-12         -6.01956            3.         
                3.               667.392E-12         -6.01956            3.         
                3.0001           383.974E-12         -6.01957            3.0001     
                3.0002          -366.78E-12          -6.01958            3.0002     
                3.00035         -734.46E-12          -6.01959            3.00035    
                3.00058          721.036E-12         -6.0196             3.00058    
                3.00091         -456.477E-12         -6.01963            3.00091    
                3.00142          366.448E-12         -6.01966            3.00142    
                3.00218          366.448E-12         -6.01971            3.00218    
                3.00332            1.09934E-09       -6.01979            3.00332    
                3.00503         -366.448E-12         -6.0199             3.00503    
                3.00759           -6.91744E-24       -6.02006            3.00759    
                3.01143         -361.135E-12         -6.02029            3.01143    
                3.0172          -166.846E-12         -6.02059            3.0172     
                3.02585            9.16981E-09       -6.02097            3.02585    
                3.03585           51.1683E-09        -6.02129            3.03585    
                3.04585           71.7956E-09        -6.02148            3.04585    
                3.05585           71.4337E-09        -6.02155            3.05585    
                3.06585           70.7053E-09        -6.02149            3.06585    
                3.07585           71.258E-09         -6.02131            3.07585    
                3.08585           71.4458E-09        -6.02101            3.08585    
                3.09585           72.365E-09         -6.02059            3.09585    
                3.10585           72.368E-09         -6.02004            3.10585    
                3.11585           71.6381E-09        -6.01937            3.11585    
                3.12585           71.6412E-09        -6.01859            3.12585    
                3.13585           72.5588E-09        -6.01768            3.13585    
                3.14585           72.1954E-09        -6.01665            3.14585    
                3.15585           71.6473E-09        -6.0155             3.15585    
                3.16585           72.1984E-09        -6.01423            3.16585    
                3.17585           72.3832E-09        -6.01284            3.17585    
                3.18585           71.9251E-09        -6.01134            3.18585    
                3.19585           72.0182E-09        -6.00971            3.19585    
                3.20585           70.8273E-09        -6.00797            3.20585    
                3.21585           70.8273E-09        -6.00611            3.21585    
                3.22585           71.5602E-09        -6.00413            3.22585    
                3.23585           71.4686E-09        -6.00203            3.23585    
                3.24585           71.9251E-09        -5.99981            3.24585    
                3.25585           72.0167E-09        -5.99748            3.25585    
                3.26585           72.1068E-09        -5.99503            3.26585    
                3.27585           71.9679E-09        -5.99246            3.27585    
                3.28585           71.3022E-09        -5.98978            3.28585    
                3.29585           72.6504E-09        -5.98698            3.29585    
                3.30585           72.3741E-09        -5.98406            3.30585    
                3.31585           71.5809E-09        -5.98102            3.31585    
                3.32585           71.3374E-09        -5.97787            3.32585    
                3.33585           71.3114E-09        -5.9746             3.33585    
                3.34585           71.629E-09         -5.97121            3.34585    
                3.35585           71.7634E-09        -5.9677             3.35585    
                3.36585           71.7131E-09        -5.96408            3.36585    
                3.37585           71.3421E-09        -5.96034            3.37585    
                3.38585           71.7971E-09        -5.95648            3.38585    
                3.39585           71.6093E-09        -5.9525             3.39585    
                3.40585           71.3299E-09        -5.94841            3.40585    
                3.41585           71.4155E-09        -5.94419            3.41585    
                3.42585           71.2277E-09        -5.93986            3.42585    
                3.43585           71.4048E-09        -5.93541            3.43585    
                3.44585           71.2171E-09        -5.93083            3.44585    
                3.45585           71.7607E-09        -5.92614            3.45585    
                3.46585           71.3881E-09        -5.92133            3.46585    
                3.47585           71.1988E-09        -5.9164             3.47585    
                3.48585           71.1928E-09        -5.91135            3.48585    
                3.49585           71.002E-09         -5.90617            3.49585    
                3.50585           70.8127E-09        -5.90088            3.50585    
                3.51585           71.1715E-09        -5.89546            3.51585    
                3.52585           71.1654E-09        -5.88992            3.52585    
                3.53585           70.9746E-09        -5.88426            3.53585    
                3.54585           71.3335E-09        -5.87847            3.54585    
                3.55585           71.8756E-09        -5.87256            3.55585    
                3.56585           71.1351E-09        -5.86653            3.56585    
                3.57585           70.5778E-09        -5.86036            3.57585    
                3.58585           72.0345E-09        -5.85408            3.58585    
                3.59585           71.294E-09         -5.84767            3.59585    
                3.60585           71.6529E-09        -5.84113            3.60585    
                3.61585           71.6438E-09        -5.83446            3.61585    
                3.62585           71.2682E-09        -5.82767            3.62585    
                3.63585           70.8942E-09        -5.82074            3.63585    
                3.64585           71.618E-09         -5.81369            3.64585    
                3.65585           70.5095E-09        -5.80651            3.65585    
                3.66585           71.2348E-09        -5.79919            3.66585    
                3.67585           70.4928E-09        -5.79175            3.67585    
                3.68585           71.9495E-09        -5.78417            3.68585    
                3.69585           71.2075E-09        -5.77646            3.69585    
                3.70585           71.1984E-09        -5.76861            3.70585    
                3.71585           71.5557E-09        -5.76063            3.71585    
                3.72585           71.1802E-09        -5.75252            3.72585    
                3.73585           70.4382E-09        -5.74426            3.73585    
                3.74585           70.7955E-09        -5.73587            3.74585    
                3.75585           71.1529E-09        -5.72734            3.75585    
                3.76585           71.1438E-09        -5.71868            3.76585    
                3.77585           70.7682E-09        -5.70987            3.77585    
                3.78585           71.1255E-09        -5.70092            3.78585    
                3.79585           71.8493E-09        -5.69183            3.79585    
                3.80585           71.4738E-09        -5.68259            3.80585    
                3.81585           71.4647E-09        -5.67321            3.81585    
                3.82585           71.4556E-09        -5.66369            3.82585    
                3.83585           71.4464E-09        -5.65402            3.83585    
                3.84585           72.1702E-09        -5.6442             3.84585    
                3.85585           71.4282E-09        -5.63423            3.85585    
                3.86585           70.6862E-09        -5.62412            3.86585    
                3.87585           70.6786E-09        -5.61385            3.87585    
                3.88585           70.6695E-09        -5.60343            3.88585    
                3.89585           70.6604E-09        -5.59286            3.89585    
                3.90585           72.1186E-09        -5.58214            3.90585    
                3.91585           70.6437E-09        -5.57126            3.91585    
                3.92585           69.9033E-09        -5.56023            3.92585    
                3.93585           69.8957E-09        -5.54903            3.93585    
                3.94585           71.7188E-09        -5.53768            3.94585    
                3.95585           71.3448E-09        -5.52617            3.95585    
                3.96585           70.2378E-09        -5.5145             3.96585    
                3.97585           70.5967E-09        -5.50267            3.97585    
                3.98585           71.6884E-09        -5.49067            3.98585    
                3.99585           70.583E-09         -5.47851            3.99585    
                4.               -67.4245E-12        -5.47341            4.         
                4.               -67.4245E-12        -5.47341            4.         
                4.0001           343.81E-12          -5.47329            4.0001     
                4.0002           366.115E-12         -5.47317            4.0002     
                4.00035          731.353E-12         -5.47298            4.00035    
                4.00058         -378.211E-12         -5.4727             4.00058    
                4.00091           -1.18871E-09       -5.47229            4.00091    
                4.00142         -366.448E-12         -5.47166            4.00142    
                4.00218           -6.90253E-24       -5.47073            4.00218    
                4.00332          732.895E-12         -5.46932            4.00332    
                4.00503          366.448E-12         -5.4672             4.00503    
                4.00759          366.448E-12         -5.46402            4.00759    
                4.01143           -1.09441E-09       -5.45922            4.01143    
                4.0172          -900.879E-12         -5.45199            4.0172     
                4.02585            8.74606E-09       -5.44102            4.02585    
                4.03585           51.9037E-09        -5.42819            4.03585    
                4.04585           71.2814E-09        -5.41519            4.04585    
                4.05585           71.6418E-09        -5.40201            4.05585    
                4.06585           70.5363E-09        -5.38866            4.06585    
                4.07585           71.6296E-09        -5.37514            4.07585    
                4.08585           69.0584E-09        -5.36144            4.08585    
                4.09585           70.8861E-09        -5.34756            4.09585    
                4.10585           70.5136E-09        -5.3335             4.10585    
                4.11585           70.8755E-09        -5.31927            4.11585    
                4.12585           71.6038E-09        -5.30485            4.12585    
                4.13585           71.9657E-09        -5.29025            4.13585    
                4.14585           71.9612E-09        -5.27546            4.14585    
                4.15585           70.8573E-09        -5.26049            4.15585    
                4.16585           72.3185E-09        -5.24534            4.16585    
                4.17585           71.581E-09         -5.22999            4.17585    
                4.18585           69.7458E-09        -5.21446            4.18585    
                4.19585           69.7427E-09        -5.19874            4.19585    
                4.20585           71.5704E-09        -5.18282            4.20585    
                4.21585           70.8345E-09        -5.16672            4.21585    
                4.22585           70.465E-09         -5.15041            4.22585    
                4.23585           72.2957E-09        -5.13392            4.23585    
                4.24585           70.094E-09         -5.11722            4.24585    
                4.25585           69.7245E-09        -5.10033            4.25585    
                4.26585           71.1888E-09        -5.08324            4.26585    
                4.27585           72.6531E-09        -5.06595            4.27585    
                4.28585           69.7184E-09        -5.04845            4.28585    
                4.29585           72.2821E-09        -5.03076            4.29585    
                4.30585           70.8148E-09        -5.01286            4.30585    
                4.31585           70.4468E-09        -4.99476            4.31585    
                4.32585           70.8117E-09        -4.97645            4.32585    
                4.33585           70.0788E-09        -4.95793            4.33585    
                4.34585           70.0773E-09        -4.9392             4.34585    
                4.35585           71.1751E-09        -4.92027            4.35585    
                4.36585           70.0758E-09        -4.90113            4.36585    
                4.37585           70.4407E-09        -4.88177            4.37585    
                4.38585           71.9065E-09        -4.86221            4.38585    
                4.39585           70.4407E-09        -4.84243            4.39585    
                4.40585           70.8072E-09        -4.82244            4.40585    
                4.41585           70.8056E-09        -4.80223            4.41585    
                4.42585           70.8056E-09        -4.78181            4.42585    
                4.43585           69.7063E-09        -4.76117            4.43585    
                4.44585           70.4392E-09        -4.74032            4.44585    
                4.45585           69.7063E-09        -4.71925            4.45585    
                4.46585           69.3399E-09        -4.69796            4.46585    
                4.47585           70.8056E-09        -4.67646            4.47585    
                4.48585           71.5385E-09        -4.65473            4.48585    
                4.49585           72.2714E-09        -4.63279            4.49585    
                4.50585           71.905E-09         -4.61063            4.50585    
                4.51585           71.5385E-09        -4.58825            4.51585    
                4.52585           71.1721E-09        -4.56565            4.52585    
                4.53585           70.8056E-09        -4.54283            4.53585    
                4.54585           71.5385E-09        -4.51978            4.54585    
                4.55585           70.8056E-09        -4.49652            4.55585    
                4.56585           70.4392E-09        -4.47304            4.56585    
                4.57585           72.2714E-09        -4.44934            4.57585    
                4.58585           70.0728E-09        -4.42542            4.58585    
                4.59585           71.905E-09         -4.40128            4.59585    
                4.60585           70.8056E-09        -4.37692            4.60585    
                4.61585           71.1721E-09        -4.35235            4.61585    
                4.62585           70.6209E-09        -4.32755            4.62585    
                4.63585           71.537E-09         -4.30254            4.63585    
                4.64585           71.1706E-09        -4.27731            4.64585    
                4.65585           70.6194E-09        -4.25186            4.65585    
                4.66585           70.6194E-09        -4.2262             4.66585    
                4.67585           70.2514E-09        -4.20032            4.67585    
                4.68585           71.1675E-09        -4.17423            4.68585    
                4.69585           71.5325E-09        -4.14793            4.69585    
                4.70585           71.3477E-09        -4.12141            4.70585    
                4.71585           70.6148E-09        -4.09469            4.71585    
                4.72585           70.9798E-09        -4.06775            4.72585    
                4.73585           71.1615E-09        -4.04061            4.73585    
                4.74585           69.8774E-09        -4.01326            4.74585    
                4.75585           71.0668E-09        -3.98571            4.75585    
                4.76585           71.7982E-09        -3.95795            4.76585    
                4.77585           70.3309E-09        -3.93               4.77585    
                4.78585           70.8791E-09        -3.90184            4.78585    
                4.79585           70.3263E-09        -3.87349            4.79585    
                4.80585           70.8745E-09        -3.84495            4.80585    
                4.81585           70.7814E-09        -3.81621            4.81585    
                4.82585           70.5493E-09        -3.78728            4.82585    
                4.83585           70.0897E-09        -3.75816            4.83585    
                4.84585           70.6837E-09        -3.72886            4.84585    
                4.85585           71.3448E-09        -3.69937            4.85585    
                4.86585           71.1486E-09        -3.66971            4.86585    
                4.87585           70.8765E-09        -3.63986            4.87585    
                4.88585           70.165E-09         -3.60985            4.88585    
                4.89585           70.7631E-09        -3.57966            4.89585    
                4.90585           71.2182E-09        -3.5493             4.90585    
                4.91585           70.4838E-09        -3.51878            4.91585    
                4.92585           70.6639E-09        -3.48809            4.92585    
                4.93585           70.525E-09         -3.45725            4.93585    
                4.94585           70.751E-09         -3.42625            4.94585    
                4.95585           70.748E-09         -3.39511            4.95585    
                4.96585           70.38E-09          -3.36381            4.96585    
                4.97585           70.5602E-09        -3.33237            4.97585    
                4.98585           71.3832E-09        -3.30079            4.98585    
                4.99585           71.1969E-09        -3.26908            4.99585    
                5.               481.108E-12         -3.25587            5.         
                5.               481.108E-12         -3.25587            5.         
                5.0001           -76.0061E-12        -3.25547            5.00013    
                5.0002          -184.362E-12         -3.25506            5.00026    
                5.00035         -371.76E-12          -3.25445            5.00045    
                5.00058          -40.3662E-12        -3.25353            5.00074    
                5.00091          334.718E-12         -3.25215            5.00117    
                5.00142          366.4E-12           -3.25009            5.00182    
                5.00218         -183.271E-12         -3.24699            5.00279    
                5.00332         -549.719E-12         -3.24234            5.00425    
                5.00503          549.624E-12         -3.23537            5.00643    
                5.00759          184.315E-12         -3.22489            5.00971    
                5.01143         -319.061E-12         -3.20915            5.01463    
                5.0172             2.92796E-09       -3.18548            5.02202    
                5.02585           76.3437E-09        -3.14985            5.03309    
                5.03585          471.095E-09         -3.10849            5.04589    
                5.04585          651.669E-09         -3.06694            5.05869    
                5.05585          652.016E-09         -3.02523            5.07149    
                5.06585          652.548E-09         -2.98335            5.08429    
                5.07585          652.346E-09         -2.94132            5.09709    
                5.08585          651.597E-09         -2.89916            5.10989    
                5.09585          651.581E-09         -2.85686            5.12269    
                5.10585          652.482E-09         -2.81444            5.13549    
                5.11585          652.102E-09         -2.77192            5.14829    
                5.12585          651.357E-09         -2.7293             5.16109    
                5.13585          652.079E-09         -2.68659            5.17389    
                5.14585          652.437E-09         -2.64381            5.18669    
                5.15585          652.796E-09         -2.60096            5.19949    
                5.16585          651.689E-09         -2.55806            5.21229    
                5.17585          652.417E-09         -2.51513            5.22509    
                5.18585          651.681E-09         -2.47216            5.23789    
                5.19585          652.046E-09         -2.42918            5.25069    
                5.20585          653.512E-09         -2.3862             5.26349    
                5.21585          652.78E-09          -2.34323            5.27629    
                5.22585          652.785E-09         -2.30027            5.28909    
                5.23585          652.423E-09         -2.25735            5.30189    
                5.24585          652.064E-09         -2.21448            5.31469    
                5.25585          652.808E-09         -2.17166            5.32749    
                5.26585          652.087E-09         -2.12892            5.34029    
                5.27585          652.833E-09         -2.08626            5.35309    
                5.28585          652.85E-09          -2.0437             5.36589    
                5.29585          651.769E-09         -2.00125            5.37869    
                5.30585          652.155E-09         -1.95892            5.39149    
                5.31585          652.912E-09         -1.91673            5.40429    
                5.32585          653.303E-09         -1.87468            5.41709    
                5.33585          652.966E-09         -1.8328             5.42989    
                5.34585          652.263E-09         -1.79109            5.44269    
                5.35585          653.396E-09         -1.74957            5.45549    
                5.36585          652.698E-09         -1.70824            5.46829    
                5.37585          652.736E-09         -1.66714            5.48109    
                5.38585          654.242E-09         -1.62625            5.49389    
                5.39585          651.721E-09         -1.5856             5.50669    
                5.40585          652.866E-09         -1.54521            5.51949    
                5.41585          651.815E-09         -1.50508            5.53229    
                5.42585          654.066E-09         -1.46522            5.54509    
                5.43585          651.922E-09         -1.42566            5.55789    
                5.44585          651.613E-09         -1.38639            5.57069    
                5.45585          654.237E-09         -1.34744            5.58349    
                5.46585          652.101E-09         -1.30882            5.59629    
                5.47585          652.899E-09         -1.27053            5.60909    
                5.48585          653.334E-09         -1.2326             5.62189    
                5.49585          652.671E-09         -1.19502            5.63469    
                5.50585          654.209E-09         -1.15782            5.64749    
                5.51585          652.453E-09         -1.12101            5.66029    
                5.52585          653.63E-09          -1.0846             5.67309    
                5.53585          653.712E-09         -1.04859            5.68589    
                5.54585          653.794E-09         -1.01301            5.69869    
                5.55585          654.98E-09        -977.858E-03          5.71149    
                5.56585          652.867E-09       -943.151E-03          5.72429    
                5.57585          653.691E-09       -908.899E-03          5.73709    
                5.58585          654.882E-09       -875.113E-03          5.74989    
                5.59585          654.976E-09       -841.804E-03          5.76269    
                5.60585          654.34E-09        -808.982E-03          5.77549    
                5.61585          654.071E-09       -776.658E-03          5.78829    
                5.62585          654.904E-09       -744.843E-03          5.80109    
                5.63585          655.006E-09       -713.546E-03          5.81389    
                5.64585          654.742E-09       -682.778E-03          5.82669    
                5.65585          654.847E-09       -652.549E-03          5.83949    
                5.66585          654.953E-09       -622.868E-03          5.85229    
                5.67585          656.16E-09        -593.745E-03          5.86509    
                5.68585          654.436E-09       -565.19E-03           5.87789    
                5.69585          656.013E-09       -537.211E-03          5.89069    
                5.70585          655.023E-09       -509.818E-03          5.90349    
                5.71585          655.136E-09       -483.02E-03           5.91629    
                5.72585          655.247E-09       -456.825E-03          5.92909    
                5.73585          655.727E-09       -431.242E-03          5.94189    
                5.74585          655.107E-09       -406.28E-03           5.95469    
                5.75585          656.687E-09       -381.946E-03          5.96749    
                5.76585          656.432E-09       -358.249E-03          5.98029    
                5.77585          655.813E-09       -335.196E-03          5.99309    
                5.78585          656.66E-09        -312.795E-03          6.00589    
                5.79585          656.04E-09        -291.053E-03          6.01869    
                5.80585          655.785E-09       -269.979E-03          6.03149    
                5.81585          656.264E-09       -249.578E-03          6.04429    
                5.82585          657.108E-09       -229.857E-03          6.05709    
                5.83585          657.219E-09       -210.824E-03          6.06989    
                5.84585          656.597E-09       -192.485E-03          6.08269    
                5.85585          657.804E-09       -174.845E-03          6.09549    
                5.86585          657.179E-09       -157.912E-03          6.10829    
                5.87585          658.018E-09       -141.691E-03          6.12109    
                5.88585          657.023E-09       -126.187E-03          6.13389    
                5.89585          657.859E-09       -111.406E-03          6.14669    
                5.90585          658.327E-09        -97.3536E-03         6.15949    
                5.91585          658.06E-09         -84.0345E-03         6.17229    
                5.92585          658.89E-09         -71.4536E-03         6.18509    
                5.93585          658.436E-09        -59.6155E-03         6.19789    
                5.94585          657.98E-09         -48.5246E-03         6.21069    
                5.95585          658.438E-09        -38.1852E-03         6.22349    
                5.96585          658.159E-09        -28.6012E-03         6.23629    
                5.97585          658.612E-09        -19.7765E-03         6.24909    
                5.98585          658.879E-09        -11.7146E-03         6.26189    
                5.99585          658.411E-09         -4.41899E-03        6.27469    
                6.                 2.77275E-09       -1.61653E-03        6.28       




