1
0
1
ASSEMBLY
2
COUPLER-1
COUPLER
CRANK-1
CRANK
2
COUPLER-1
41
1 1
2 2
3 3
4 4
5 5
6 6
7 7
8 8
9 9
10 10
11 11
12 12
13 13
14 14
15 15
16 16
17 17
18 18
19 19
20 20
21 21
22 22
23 23
24 24
25 25
26 26
27 27
28 28
29 29
30 30
31 31
32 32
33 33
34 34
35 35
36 36
37 37
38 38
39 39
40 40
41 41
-2147483647
CRANK-1
4
42 1
43 2
44 3
45 4
-2147483647
0
2
COUPLER-1
40
1 1
2 2
3 3
4 4
5 5
6 6
7 7
8 8
9 9
10 10
11 11
12 12
13 13
14 14
15 15
16 16
17 17
18 18
19 19
20 20
21 21
22 22
23 23
24 24
25 25
26 26
27 27
28 28
29 29
30 30
31 31
32 32
33 33
34 34
35 35
36 36
37 37
38 38
39 39
40 40
-2147483647
CRANK-1
3
41 1
42 2
43 3
-2147483647
0
1

0
2
0
2
COUPLER-1
40
1 2 3 4 5 6 7 8 9 10 11 12 13 14 15 16 17 18 19 20 21 22 23 24 25 26 27 28 29 30 31 32 33 34 35 36 37 38 39 40 
CRANK-1
3
41 42 43 
0
2
COUPLER-1
3
 P       1
0
2
40
1 2 3 4 5 6 7 8 9 10 11 12 13 14 15 16 17 18 19 20 21 22 23 24 25 26 27 28 29 30 31 32 33 34 35 36 37 38 39 40 
0
0
SET-4
0
1
40
1 2 3 4 5 6 7 8 9 10 11 12 13 14 15 16 17 18 19 20 21 22 23 24 25 26 27 28 29 30 31 32 33 34 35 36 37 38 39 40 
0
0
SET-5
0
1
40
1 2 3 4 5 6 7 8 9 10 11 12 13 14 15 16 17 18 19 20 21 22 23 24 25 26 27 28 29 30 31 32 33 34 35 36 37 38 39 40 
0
0
0
CRANK-1
3
 P       2
0
2
3
41 42 43 
0
0
SET-3
0
1
3
41 42 43 
0
0
SET-4
0
1
3
41 42 43 
0
0
0
1

0
2
0
2
COUPLER-1
41
1 2 3 4 5 6 7 8 9 10 11 12 13 14 15 16 17 18 19 20 21 22 23 24 25 26 27 28 29 30 31 32 33 34 35 36 37 38 39 40 41 
CRANK-1
4
42 43 44 45 
0
2
COUPLER-1
5
 P       1
0
2
41
1 2 3 4 5 6 7 8 9 10 11 12 13 14 15 16 17 18 19 20 21 22 23 24 25 26 27 28 29 30 31 32 33 34 35 36 37 38 39 40 41 
0
0
COUPLERSLIDER
0
1
1
41 
0
0
COUPLERTIP
0
1
1
1 
0
0
SET-4
0
1
41
1 2 3 4 5 6 7 8 9 10 11 12 13 14 15 16 17 18 19 20 21 22 23 24 25 26 27 28 29 30 31 32 33 34 35 36 37 38 39 40 41 
0
0
SET-5
0
1
41
1 2 3 4 5 6 7 8 9 10 11 12 13 14 15 16 17 18 19 20 21 22 23 24 25 26 27 28 29 30 31 32 33 34 35 36 37 38 39 40 41 
0
0
0
CRANK-1
5
 P       2
0
2
4
42 43 44 45 
0
0
CRANKRP
0
1
1
42 
0
0
CRANKTIP
0
1
1
45 
0
0
SET-3
0
1
4
42 43 44 45 
0
0
SET-4
0
1
4
42 43 44 45 
0
0
0
0
1
CRANK-1_CRANKTIP_CNS_
1
0
0
1
CRANK-1
1
0
1
45
1
