1
0
1
ASSEMBLY
2
COUPLER-1
COUPLER
CRANK-1
CRANK
2
COUPLER-1
36
5 1
6 2
7 3
8 4
9 5
10 6
11 7
12 8
13 9
14 10
15 11
16 12
17 13
18 14
19 15
20 16
21 17
22 18
23 19
24 20
25 21
26 22
27 23
28 24
29 25
30 26
31 27
32 28
33 29
34 30
35 31
36 32
37 33
38 34
39 35
40 36
-2147483647
CRANK-1
26
41 1
42 2
43 3
44 4
45 5
46 6
47 7
48 8
49 9
50 10
51 11
52 12
53 13
54 14
55 15
56 16
57 17
58 18
59 19
60 20
61 21
62 22
63 23
64 24
65 25
66 26
-2147483647
4
1 1
2 2
3 3
4 4
-2147483647
2
COUPLER-1
35
2 1
3 2
4 3
5 4
6 5
7 6
8 7
9 8
10 9
11 10
12 11
13 12
14 13
15 14
16 15
17 16
18 17
19 18
20 19
21 20
22 21
23 22
24 23
25 24
26 25
27 26
28 27
29 28
30 29
31 30
32 31
33 32
34 33
35 34
61 35
-2147483647
CRANK-1
25
36 1
37 2
38 3
39 4
40 5
41 6
42 7
43 8
44 9
45 10
46 11
47 12
48 13
49 14
50 15
51 16
52 17
53 18
54 19
55 20
56 21
57 22
58 23
59 24
62 25
-2147483647
2
1 1
60 2
-2147483647
3

0
2
0
3

1
1 
COUPLER-1
34
2 3 4 5 6 7 8 9 10 11 12 13 14 15 16 17 18 19 20 21 22 23 24 25 26 27 28 29 30 31 32 33 34 35 
CRANK-1
24
36 37 38 39 40 41 42 43 44 45 46 47 48 49 50 51 52 53 54 55 56 57 58 59 
0
 SHADOW
0
4
1
60 
2
COUPLER-1
1
61 
CRANK-1
1
62 
0
WIRE-1-SET-3
0
1
1
1 
0
0
3
COUPLER-1
2
 P       1
0
2
34
2 3 4 5 6 7 8 9 10 11 12 13 14 15 16 17 18 19 20 21 22 23 24 25 26 27 28 29 30 31 32 33 34 35 
0
0
COUPLER
0
1
34
2 3 4 5 6 7 8 9 10 11 12 13 14 15 16 17 18 19 20 21 22 23 24 25 26 27 28 29 30 31 32 33 34 35 
0
0
0

1
 P       0
0
2
1
1 
0
0
0
CRANK-1
2
 P       2
0
2
24
36 37 38 39 40 41 42 43 44 45 46 47 48 49 50 51 52 53 54 55 56 57 58 59 
0
0
CRANK-1
0
1
24
36 37 38 39 40 41 42 43 44 45 46 47 48 49 50 51 52 53 54 55 56 57 58 59 
0
0
0
9

0
2
0
3

3
1 2 3 
COUPLER-1
36
5 6 7 8 9 10 11 12 13 14 15 16 17 18 19 20 21 22 23 24 25 26 27 28 29 30 31 32 33 34 35 36 37 38 39 40 
CRANK-1
26
41 42 43 44 45 46 47 48 49 50 51 52 53 54 55 56 57 58 59 60 61 62 63 64 65 66 
0
RP1
0
1
1
1 
0
0
RP2
0
1
1
2 
0
0
RP3
0
1
1
3 
0
0
RPACOUPLER
0
1
1
1 
0
0
RPACRANK
0
1
1
2 
0
0
RPBSLIDER
0
1
1
3 
0
0
WIRE-1-SET-3
0
1
2
1 2 
0
0
WarnNodeOverconKCInRbd
0
1
0
2
COUPLER-1
1
5 
CRANK-1
2
41 65 
0
3
COUPLER-1
5
 P       1
0
2
36
5 6 7 8 9 10 11 12 13 14 15 16 17 18 19 20 21 22 23 24 25 26 27 28 29 30 31 32 33 34 35 36 37 38 39 40 
0
0
 P       1WarnNodeOverconKCInRbd
0
2
1
5 
0
0
COUPLER-REFPT_
0
2
1
40 
0
0
COUPLERA
0
1
1
5 
0
0
SLIDERB
0
1
1
39 
0
0
0

1
 P       0
0
2
3
1 2 3 
0
0
0
CRANK-1
5
 P       2
0
2
26
41 42 43 44 45 46 47 48 49 50 51 52 53 54 55 56 57 58 59 60 61 62 63 64 65 66 
0
0
 P       2WarnNodeOverconKCInRbd
0
2
2
41 65 
0
0
CRANK-1-REFPT_
0
2
1
66 
0
0
CRANKA
0
1
1
65 
0
0
CRANKO
0
1
1
41 
0
0
0
0
5
COUPLER-1_COUPLERA_CNS_
1
0
0
1
COUPLER-1
1
0
1
5
1
COUPLER-1_SLIDERB_CNS_
1
0
0
1
COUPLER-1
1
0
1
39
1
CRANK-1_CRANKA_CNS_
1
0
0
1
CRANK-1
1
0
1
65
1
CRANK-1_CRANKO_CNS_
1
0
0
1
CRANK-1
1
0
1
41
1
RP3_CNS_
1
0
1
3
1
0
