1
0
1
ASSEMBLY
2
COUPLER-1
COUPLER
CRANK-1
CRANK
2
COUPLER-1
36
1 1
2 2
3 3
4 4
5 5
6 6
7 7
8 8
9 9
10 10
11 11
12 12
13 13
14 14
15 15
16 16
17 17
18 18
19 19
20 20
21 21
22 22
23 23
24 24
25 25
26 26
27 27
28 28
29 29
30 30
31 31
32 32
33 33
34 34
35 35
36 36
-2147483647
CRANK-1
26
37 1
38 2
39 3
40 4
41 5
42 6
43 7
44 8
45 9
46 10
47 11
48 12
49 13
50 14
51 15
52 16
53 17
54 18
55 19
56 20
57 21
58 22
59 23
60 24
61 25
62 26
-2147483647
0
2
COUPLER-1
34
6 1
7 2
8 3
9 4
10 5
11 6
12 7
13 8
14 9
15 10
16 11
17 12
18 13
19 14
20 15
21 16
22 17
23 18
24 19
25 20
26 21
27 22
28 23
29 24
30 25
31 26
32 27
33 28
34 29
35 30
36 31
37 32
38 33
39 34
-2147483647
CRANK-1
24
40 1
41 2
42 3
43 4
44 5
45 6
46 7
47 8
48 9
49 10
50 11
51 12
52 13
53 14
54 15
55 16
56 17
57 18
58 19
59 20
60 21
61 22
62 23
63 24
-2147483647
5
1 1
2 2
3 3
4 4
5 5
-2147483647
6
 PIBATCH
0
2
0
3

5
1 2 3 4 5 
COUPLER-1
34
6 7 8 9 10 11 12 13 14 15 16 17 18 19 20 21 22 23 24 25 26 27 28 29 30 31 32 33 34 35 36 37 38 39 
CRANK-1
24
40 41 42 43 44 45 46 47 48 49 50 51 52 53 54 55 56 57 58 59 60 61 62 63 
0
RPCOUPLER_INERTIA-2_MASS_
0
1
1
3 
0
0
RPCOUPLER_INERTIA-2_ROTI_
0
1
1
4 
0
0
RPCRANK_INERTIA-1_MASS_
0
1
1
1 
0
0
RPCRANK_INERTIA-1_ROTI_
0
1
1
2 
0
0
WIRE-2-SET-1
0
1
1
5 
0
0
3
COUPLER-1
2
 P       1 PIBATCH
0
2
34
6 7 8 9 10 11 12 13 14 15 16 17 18 19 20 21 22 23 24 25 26 27 28 29 30 31 32 33 34 35 36 37 38 39 
0
0
COUPLER
0
1
34
6 7 8 9 10 11 12 13 14 15 16 17 18 19 20 21 22 23 24 25 26 27 28 29 30 31 32 33 34 35 36 37 38 39 
0
0
0

1
 P       0 PIBATCH
0
2
5
1 2 3 4 5 
0
0
0
CRANK-1
2
 P       2 PIBATCH
0
2
24
40 41 42 43 44 45 46 47 48 49 50 51 52 53 54 55 56 57 58 59 60 61 62 63 
0
0
CRANK-1
0
1
24
40 41 42 43 44 45 46 47 48 49 50 51 52 53 54 55 56 57 58 59 60 61 62 63 
0
0
0
4
 PIBATCH
0
2
0
2
COUPLER-1
36
1 2 3 4 5 6 7 8 9 10 11 12 13 14 15 16 17 18 19 20 21 22 23 24 25 26 27 28 29 30 31 32 33 34 35 36 
CRANK-1
26
37 38 39 40 41 42 43 44 45 46 47 48 49 50 51 52 53 54 55 56 57 58 59 60 61 62 
0
RPCOUPLER
0
1
0
1
COUPLER-1
1
36 
0
RPCRANK
0
1
0
1
CRANK-1
1
62 
0
WIRE-2-SET-1
0
1
0
2
COUPLER-1
1
1 
CRANK-1
1
61 
0
2
COUPLER-1
5
 P       1 PIBATCH
0
2
36
1 2 3 4 5 6 7 8 9 10 11 12 13 14 15 16 17 18 19 20 21 22 23 24 25 26 27 28 29 30 31 32 33 34 35 36 
0
0
 P       1WIRE-2-SET-1
0
2
1
1 
0
0
COUPLER-REFPT_
0
2
1
36 
0
0
COUPLERA
0
1
1
1 
0
0
SLIDERB
0
1
1
35 
0
0
0
CRANK-1
5
 P       2 PIBATCH
0
2
26
37 38 39 40 41 42 43 44 45 46 47 48 49 50 51 52 53 54 55 56 57 58 59 60 61 62 
0
0
 P       2WIRE-2-SET-1
0
2
1
61 
0
0
CRANK-1-REFPT_
0
2
1
62 
0
0
CRANKA
0
1
1
61 
0
0
CRANKO
0
1
1
37 
0
0
0
0
0
