Abaqus/Explicit Learning Edition 2025            DATE 29-Apr-2026  TIME 16:33:00
-------------------------------------------------------------------------------
 PREPROCESSOR WARNING MESSAGES
-------------------------------------------------------------------------------


***WARNING: There are 1 warning messages in the data (.dat) file.  Please
            check the data file for possible errors in the input file.


-------------------------------------------------------------------------------
 NUMERICAL PRECISION USED FOR THIS Abaqus/Explicit ANALYSIS
-------------------------------------------------------------------------------

Single precision package and explicit executables will be used in this analysis.

-------------------------------------------------------------------------------
-------------------------------------------------------------------------------
 MODEL INFORMATION (IN GLOBAL X-Y COORDINATES)
-------------------------------------------------------------------------------

   Total mass in model = 2.00000E-03
   Center of mass of model = ( 2.845980E+00, 2.500000E-01)

   Moments of Inertia :
                 About Center of Mass              About Origin
      I(XX)          1.250000E-04                  2.500000E-04
      I(YY)          2.597792E-02                  4.217712E-02
      I(XY)          1.802010E-03                  3.790200E-04
      I(ZZ)          2.810292E-02                  4.442712E-02

***WARNING: The nodes in node set WarnNodeInertiaAugment are involved in
            constraints that have to be solved using the implicit constraint
            solver. Each of these constraints involve nodes that have rotary
            inertia that are highly mismatched, hence the implicit constraint
            solver may encounter convergence problems. It is strongly
            recommended that the analysis be run in double=constraint mode. To
            improve the conditioning of the system, the rotary inertias of the
            nodes included in this node set have been augmented by small
            amounts. The additional rotary inertia will almost never affect
            the solution significantly except for strongly dynamic analyses.


Abaqus/Explicit Learning Edition 2025            DATE 29-Apr-2026  TIME 16:33:00
The entire model is considered 1 domain.
Only 1 MPI rank is used.

-------------------------------------------------------------------------------
 SOLUTION PROGRESS
-------------------------------------------------------------------------------

 STEP 1  ORIGIN 0.0000

  Total memory used for step 1 is approximately 1.0 megabytes.
  Direct time incrementation control will be used.

***WARNING: The direct user control is used in the current analysis step. In
            this case, Abaqus/Explicit will not check that the computed
            response is stable during the step. Please check carefully the
            energy history and other response variables to ensure that a valid
            and stable response has been obtained.

              STEP     TOTAL      WALL        STABLE    CRITICAL    KINETIC      TOTAL
INCREMENT     TIME      TIME      TIME     INCREMENT     ELEMENT     ENERGY     ENERGY
        0  0.000E+00 0.000E+00  00:00:00 1.00000E-03           0  0.000E+00  0.000E+00
Output Field Frame Number     0, of     20, at step time 0.000E+00
     3000  3.000E+00 3.000E+00  00:00:04 1.00000E-03           0  4.069E-08  1.129E-07
Output Field Frame Number     1, of     20, at step time 3.000E+00
     6000  6.000E+00 6.000E+00  00:00:07 1.00000E-03           0  4.993E-07  5.226E-08
Output Field Frame Number     2, of     20, at step time 6.000E+00
     9000  9.000E+00 9.000E+00  00:00:10 1.00000E-03           0  2.117E-06 -2.913E-07
Output Field Frame Number     3, of     20, at step time 9.000E+00
    12000  1.200E+01 1.200E+01  00:00:13 1.00000E-03           0  1.089E-05  6.436E-06
Output Field Frame Number     4, of     20, at step time 1.200E+01
    15000  1.500E+01 1.500E+01  00:00:17 1.00000E-03           0  5.398E-05  3.686E-05
Output Field Frame Number     5, of     20, at step time 1.500E+01
    18000  1.800E+01 1.800E+01  00:00:20 1.00000E-03           0  1.625E-04  1.152E-04
Output Field Frame Number     6, of     20, at step time 1.800E+01
    21000  2.100E+01 2.100E+01  00:00:23 1.00000E-03           0  2.185E-04  1.887E-04
Output Field Frame Number     7, of     20, at step time 2.100E+01
    24000  2.400E+01 2.400E+01  00:00:27 1.00000E-03           0  7.609E-05  2.469E-04
Output Field Frame Number     8, of     20, at step time 2.400E+01
    27000  2.700E+01 2.700E+01  00:00:30 1.00000E-03           0  2.925E-05  3.745E-04
Output Field Frame Number     9, of     20, at step time 2.700E+01
    30000  3.000E+01 3.000E+01  00:00:33 1.00000E-03           0  3.003E-05  3.221E-04
Output Field Frame Number    10, of     20, at step time 3.000E+01
    33000  3.300E+01 3.300E+01  00:00:36 1.00000E-03           0  3.670E-05  3.293E-04
Output Field Frame Number    11, of     20, at step time 3.300E+01
    36000  3.600E+01 3.600E+01  00:00:40 1.00000E-03           0  6.110E-05  2.590E-04
Output Field Frame Number    12, of     20, at step time 3.600E+01
    39000  3.900E+01 3.900E+01  00:00:43 1.00000E-03           0  1.186E-04  9.633E-05
Output Field Frame Number    13, of     20, at step time 3.900E+01
    42000  4.200E+01 4.200E+01  00:00:46 1.00000E-03           0  1.277E-04  1.340E-04
Output Field Frame Number    14, of     20, at step time 4.200E+01
    45000  4.500E+01 4.500E+01  00:00:49 1.00000E-03           0  6.596E-05  7.101E-06
Output Field Frame Number    15, of     20, at step time 4.500E+01
    48000  4.800E+01 4.800E+01  00:00:53 1.00000E-03           0  1.973E-05 -3.340E-05
Output Field Frame Number    16, of     20, at step time 4.800E+01
    51000  5.100E+01 5.100E+01  00:00:56 1.00000E-03           0  4.191E-06 -1.875E-05
Output Field Frame Number    17, of     20, at step time 5.100E+01
    54000  5.400E+01 5.400E+01  00:00:59 1.00000E-03           0  6.783E-07 -1.901E-05
Output Field Frame Number    18, of     20, at step time 5.400E+01
    57000  5.700E+01 5.700E+01  00:01:03 1.00000E-03           0  4.446E-08 -2.254E-05
Output Field Frame Number    19, of     20, at step time 5.700E+01
    60000  6.000E+01 6.000E+01  00:01:06 9.95636E-04           0  2.821E-12 -2.245E-05
Restart Number  1 at 60.000
Output Field Frame Number    20, of     20, at step time 6.000E+01
  EXPLICIT EXECUTABLE TIME SUMMARY
       USER TIME (SEC)      =   4.0000
       SYSTEM TIME (SEC)    =   20.700
       WALLCLOCK TIME (SEC) =           66
              INIT (SEC) =          0
              MAIN (SEC) =         66

  THE ANALYSIS HAS COMPLETED SUCCESSFULLY

